{"/home/travis/build/npmtest/node-npmtest-nw-gyp/test.js":{"path":"/home/travis/build/npmtest/node-npmtest-nw-gyp/test.js","s":{"1":2,"2":2,"3":2,"4":2,"5":2,"6":2,"7":2,"8":1,"9":2,"10":2,"11":1,"12":1,"13":1,"14":1,"15":2,"16":2,"17":2,"18":2,"19":1,"20":1,"21":2,"22":2,"23":2,"24":1,"25":1,"26":1,"27":1,"28":1,"29":1,"30":1,"31":1,"32":1,"33":1,"34":1,"35":1,"36":1,"37":1,"38":1,"39":2,"40":2,"41":1,"42":2,"43":2,"44":1,"45":2,"46":2,"47":1,"48":2,"49":2,"50":1,"51":1,"52":1,"53":1,"54":1},"b":{"1":[2,1,1,1],"2":[1,1,1,1],"3":[1,1],"4":[1,1],"5":[1,1],"6":[1,1],"7":[1,1],"8":[1,1],"9":[1,1],"10":[1,1,1],"11":[1,1],"12":[1,1],"13":[1,1],"14":[1,1],"15":[1,1],"16":[1,1],"17":[1,1]},"f":{"1":2,"2":2,"3":2,"4":2,"5":2,"6":1,"7":1,"8":1,"9":2,"10":2,"11":2,"12":2,"13":1},"fnMap":{"1":{"name":"(anonymous_1)","line":12,"loc":{"start":{"line":12,"column":1},"end":{"line":12,"column":13}}},"2":{"name":"(anonymous_2)","line":19,"loc":{"start":{"line":19,"column":5},"end":{"line":19,"column":17}}},"3":{"name":"(anonymous_3)","line":23,"loc":{"start":{"line":23,"column":24},"end":{"line":23,"column":36}}},"4":{"name":"(anonymous_4)","line":61,"loc":{"start":{"line":61,"column":5},"end":{"line":61,"column":17}}},"5":{"name":"(anonymous_5)","line":82,"loc":{"start":{"line":82,"column":5},"end":{"line":82,"column":17}}},"6":{"name":"(anonymous_6)","line":91,"loc":{"start":{"line":91,"column":77},"end":{"line":94,"column":10}}},"7":{"name":"(anonymous_7)","line":112,"loc":{"start":{"line":112,"column":83},"end":{"line":115,"column":10}},"skip":true},"8":{"name":"(anonymous_8)","line":123,"loc":{"start":{"line":123,"column":77},"end":{"line":126,"column":10}},"skip":true},"9":{"name":"(anonymous_9)","line":139,"loc":{"start":{"line":139,"column":12},"end":{"line":139,"column":40}},"skip":true},"10":{"name":"(anonymous_10)","line":147,"loc":{"start":{"line":147,"column":77},"end":{"line":150,"column":10}},"skip":true},"11":{"name":"(anonymous_11)","line":158,"loc":{"start":{"line":158,"column":83},"end":{"line":161,"column":10}},"skip":true},"12":{"name":"(anonymous_12)","line":169,"loc":{"start":{"line":169,"column":79},"end":{"line":172,"column":10}},"skip":true},"13":{"name":"(anonymous_13)","line":180,"loc":{"start":{"line":180,"column":75},"end":{"line":183,"column":10}},"skip":true}},"statementMap":{"1":{"start":{"line":12,"column":0},"end":{"line":195,"column":5}},"2":{"start":{"line":14,"column":4},"end":{"line":14,"column":14}},"3":{"start":{"line":19,"column":4},"end":{"line":56,"column":9}},"4":{"start":{"line":21,"column":8},"end":{"line":21,"column":19}},"5":{"start":{"line":23,"column":8},"end":{"line":35,"column":13}},"6":{"start":{"line":24,"column":12},"end":{"line":34,"column":13}},"7":{"start":{"line":25,"column":16},"end":{"line":28,"column":30}},"8":{"start":{"line":30,"column":16},"end":{"line":33,"column":27}},"9":{"start":{"line":37,"column":8},"end":{"line":39,"column":21}},"10":{"start":{"line":40,"column":8},"end":{"line":53,"column":9}},"11":{"start":{"line":43,"column":12},"end":{"line":46,"column":14}},"12":{"start":{"line":47,"column":12},"end":{"line":47,"column":18}},"13":{"start":{"line":50,"column":12},"end":{"line":51,"column":46}},"14":{"start":{"line":52,"column":12},"end":{"line":52,"column":18}},"15":{"start":{"line":55,"column":8},"end":{"line":55,"column":35}},"16":{"start":{"line":61,"column":4},"end":{"line":63,"column":9}},"17":{"start":{"line":62,"column":8},"end":{"line":62,"column":15}},"18":{"start":{"line":64,"column":4},"end":{"line":77,"column":5}},"19":{"start":{"line":70,"column":8},"end":{"line":70,"column":14}},"20":{"start":{"line":76,"column":8},"end":{"line":76,"column":14}},"21":{"start":{"line":82,"column":4},"end":{"line":84,"column":9}},"22":{"start":{"line":83,"column":8},"end":{"line":83,"column":15}},"23":{"start":{"line":85,"column":4},"end":{"line":194,"column":5}},"24":{"start":{"line":91,"column":8},"end":{"line":99,"column":10}},"25":{"start":{"line":98,"column":12},"end":{"line":98,"column":35}},"26":{"start":{"line":102,"column":8},"end":{"line":104,"column":63}},"27":{"start":{"line":105,"column":8},"end":{"line":105,"column":14}},"28":{"start":{"line":112,"column":8},"end":{"line":121,"column":10},"skip":true},"29":{"start":{"line":119,"column":12},"end":{"line":119,"column":55},"skip":true},"30":{"start":{"line":120,"column":12},"end":{"line":120,"column":48},"skip":true},"31":{"start":{"line":123,"column":8},"end":{"line":136,"column":10},"skip":true},"32":{"start":{"line":130,"column":12},"end":{"line":130,"column":76},"skip":true},"33":{"start":{"line":131,"column":12},"end":{"line":131,"column":73},"skip":true},"34":{"start":{"line":132,"column":12},"end":{"line":132,"column":74},"skip":true},"35":{"start":{"line":133,"column":12},"end":{"line":133,"column":79},"skip":true},"36":{"start":{"line":134,"column":12},"end":{"line":134,"column":25},"skip":true},"37":{"start":{"line":135,"column":12},"end":{"line":135,"column":45},"skip":true},"38":{"start":{"line":138,"column":8},"end":{"line":145,"column":14},"skip":true},"39":{"start":{"line":143,"column":16},"end":{"line":143,"column":29},"skip":true},"40":{"start":{"line":144,"column":16},"end":{"line":144,"column":55},"skip":true},"41":{"start":{"line":147,"column":8},"end":{"line":156,"column":10},"skip":true},"42":{"start":{"line":154,"column":12},"end":{"line":154,"column":25},"skip":true},"43":{"start":{"line":155,"column":12},"end":{"line":155,"column":45},"skip":true},"44":{"start":{"line":158,"column":8},"end":{"line":167,"column":10},"skip":true},"45":{"start":{"line":165,"column":12},"end":{"line":165,"column":25},"skip":true},"46":{"start":{"line":166,"column":12},"end":{"line":166,"column":48},"skip":true},"47":{"start":{"line":169,"column":8},"end":{"line":178,"column":10},"skip":true},"48":{"start":{"line":176,"column":12},"end":{"line":176,"column":25},"skip":true},"49":{"start":{"line":177,"column":12},"end":{"line":177,"column":46},"skip":true},"50":{"start":{"line":180,"column":8},"end":{"line":189,"column":10},"skip":true},"51":{"start":{"line":187,"column":12},"end":{"line":187,"column":94},"skip":true},"52":{"start":{"line":188,"column":12},"end":{"line":188,"column":48},"skip":true},"53":{"start":{"line":192,"column":8},"end":{"line":192,"column":35},"skip":true},"54":{"start":{"line":193,"column":8},"end":{"line":193,"column":14},"skip":true}},"branchMap":{"1":{"line":25,"type":"binary-expr","locations":[{"start":{"line":25,"column":23},"end":{"line":25,"column":62}},{"start":{"line":26,"column":20},"end":{"line":26,"column":70}},{"start":{"line":27,"column":20},"end":{"line":27,"column":71}},{"start":{"line":28,"column":20},"end":{"line":28,"column":29}}]},"2":{"line":30,"type":"binary-expr","locations":[{"start":{"line":30,"column":23},"end":{"line":30,"column":37}},{"start":{"line":31,"column":20},"end":{"line":31,"column":61}},{"start":{"line":32,"column":20},"end":{"line":32,"column":70}},{"start":{"line":33,"column":20},"end":{"line":33,"column":26}}]},"3":{"line":37,"type":"cond-expr","locations":[{"start":{"line":38,"column":14},"end":{"line":38,"column":20}},{"start":{"line":39,"column":14},"end":{"line":39,"column":20}}]},"4":{"line":40,"type":"switch","locations":[{"start":{"line":42,"column":8},"end":{"line":47,"column":18}},{"start":{"line":49,"column":8},"end":{"line":52,"column":18}}]},"5":{"line":44,"type":"binary-expr","locations":[{"start":{"line":44,"column":16},"end":{"line":44,"column":44}},{"start":{"line":44,"column":48},"end":{"line":44,"column":66}}]},"6":{"line":50,"type":"binary-expr","locations":[{"start":{"line":50,"column":21},"end":{"line":50,"column":49}},{"start":{"line":50,"column":53},"end":{"line":50,"column":72}}]},"7":{"line":64,"type":"switch","locations":[{"start":{"line":69,"column":4},"end":{"line":70,"column":14}},{"start":{"line":75,"column":4},"end":{"line":76,"column":14}}]},"8":{"line":85,"type":"switch","locations":[{"start":{"line":90,"column":4},"end":{"line":105,"column":14}},{"start":{"line":111,"column":4},"end":{"line":193,"column":14},"skip":true}]},"9":{"line":91,"type":"binary-expr","locations":[{"start":{"line":91,"column":42},"end":{"line":91,"column":73}},{"start":{"line":91,"column":77},"end":{"line":99,"column":9}}]},"10":{"line":102,"type":"binary-expr","locations":[{"start":{"line":102,"column":18},"end":{"line":102,"column":32}},{"start":{"line":103,"column":12},"end":{"line":103,"column":53}},{"start":{"line":104,"column":12},"end":{"line":104,"column":61}}]},"11":{"line":112,"type":"binary-expr","locations":[{"start":{"line":112,"column":45},"end":{"line":112,"column":79},"skip":true},{"start":{"line":112,"column":83},"end":{"line":121,"column":9},"skip":true}]},"12":{"line":123,"type":"binary-expr","locations":[{"start":{"line":123,"column":42},"end":{"line":123,"column":73},"skip":true},{"start":{"line":123,"column":77},"end":{"line":136,"column":9},"skip":true}]},"13":{"line":138,"type":"binary-expr","locations":[{"start":{"line":138,"column":48},"end":{"line":138,"column":85},"skip":true},{"start":{"line":139,"column":12},"end":{"line":145,"column":13},"skip":true}]},"14":{"line":147,"type":"binary-expr","locations":[{"start":{"line":147,"column":42},"end":{"line":147,"column":73},"skip":true},{"start":{"line":147,"column":77},"end":{"line":156,"column":9},"skip":true}]},"15":{"line":158,"type":"binary-expr","locations":[{"start":{"line":158,"column":45},"end":{"line":158,"column":79},"skip":true},{"start":{"line":158,"column":83},"end":{"line":167,"column":9},"skip":true}]},"16":{"line":169,"type":"binary-expr","locations":[{"start":{"line":169,"column":43},"end":{"line":169,"column":75},"skip":true},{"start":{"line":169,"column":79},"end":{"line":178,"column":9},"skip":true}]},"17":{"line":180,"type":"binary-expr","locations":[{"start":{"line":180,"column":41},"end":{"line":180,"column":71},"skip":true},{"start":{"line":180,"column":75},"end":{"line":189,"column":9},"skip":true}]}},"code":["/* istanbul instrument in package npmtest_nw_gyp */","/*jslint","    bitwise: true,","    browser: true,","    maxerr: 8,","    maxlen: 96,","    node: true,","    nomen: true,","    regexp: true,","    stupid: true","*/","(function () {","    'use strict';","    var local;","","","","    // run shared js-env code - pre-init","    (function () {","        // init local","        local = {};","        // init modeJs","        local.modeJs = (function () {","            try {","                return typeof navigator.userAgent === 'string' &&","                    typeof document.querySelector('body') === 'object' &&","                    typeof XMLHttpRequest.prototype.open === 'function' &&","                    'browser';","            } catch (errorCaughtBrowser) {","                return module.exports &&","                    typeof process.versions.node === 'string' &&","                    typeof require('http').createServer === 'function' &&","                    'node';","            }","        }());","        // init global","        local.global = local.modeJs === 'browser'","            ? window","            : global;","        switch (local.modeJs) {","        // re-init local from window.local","        case 'browser':","            local = local.global.utility2.objectSetDefault(","                local.global.utility2_rollup || local.global.local,","                local.global.utility2","            );","            break;","        // re-init local from example.js","        case 'node':","            local = (local.global.utility2_rollup || require('utility2'))","                .requireExampleJsFromReadme();","            break;","        }","        // export local","        local.global.local = local;","    }());","","","","    // run shared js-env code - function","    (function () {","        return;","    }());","    switch (local.modeJs) {","","","","    // run browser js-env code - function","    case 'browser':","        break;","","","","    // run node js-env code - function","    case 'node':","        break;","    }","","","","    // run shared js-env code - post-init","    (function () {","        return;","    }());","    switch (local.modeJs) {","","","","    // run browser js-env code - post-init","    case 'browser':","        local.testCase_browser_nullCase = local.testCase_browser_nullCase || function (","            options,","            onError","        ) {","        /*","         * this function will test browsers's null-case handling-behavior-behavior","         */","            onError(null, options);","        };","","        // run tests","        local.nop(local.modeTest &&","            document.querySelector('#testRunButton1') &&","            document.querySelector('#testRunButton1').click());","        break;","","","","    // run node js-env code - post-init","    /* istanbul ignore next */","    case 'node':","        local.testCase_buildApidoc_default = local.testCase_buildApidoc_default || function (","            options,","            onError","        ) {","        /*","         * this function will test buildApidoc's default handling-behavior-behavior","         */","            options = { modulePathList: module.paths };","            local.buildApidoc(options, onError);","        };","","        local.testCase_buildApp_default = local.testCase_buildApp_default || function (","            options,","            onError","        ) {","        /*","         * this function will test buildApp's default handling-behavior-behavior","         */","            local.testCase_buildReadme_default(options, local.onErrorThrow);","            local.testCase_buildLib_default(options, local.onErrorThrow);","            local.testCase_buildTest_default(options, local.onErrorThrow);","            local.testCase_buildCustomOrg_default(options, local.onErrorThrow);","            options = [];","            local.buildApp(options, onError);","        };","","        local.testCase_buildCustomOrg_default = local.testCase_buildCustomOrg_default ||","            function (options, onError) {","            /*","             * this function will test buildCustomOrg's default handling-behavior","             */","                options = {};","                local.buildCustomOrg(options, onError);","            };","","        local.testCase_buildLib_default = local.testCase_buildLib_default || function (","            options,","            onError","        ) {","        /*","         * this function will test buildLib's default handling-behavior","         */","            options = {};","            local.buildLib(options, onError);","        };","","        local.testCase_buildReadme_default = local.testCase_buildReadme_default || function (","            options,","            onError","        ) {","        /*","         * this function will test buildReadme's default handling-behavior-behavior","         */","            options = {};","            local.buildReadme(options, onError);","        };","","        local.testCase_buildTest_default = local.testCase_buildTest_default || function (","            options,","            onError","        ) {","        /*","         * this function will test buildTest's default handling-behavior","         */","            options = {};","            local.buildTest(options, onError);","        };","","        local.testCase_webpage_default = local.testCase_webpage_default || function (","            options,","            onError","        ) {","        /*","         * this function will test webpage's default handling-behavior","         */","            options = { modeCoverageMerge: true, url: local.serverLocalHost + '?modeTest=1' };","            local.browserTest(options, onError);","        };","","        // run test-server","        local.testRunServer(local);","        break;","    }","}());",""],"l":{"12":2,"14":2,"19":2,"21":2,"23":2,"24":2,"25":2,"30":1,"37":2,"40":2,"43":1,"47":1,"50":1,"52":1,"55":2,"61":2,"62":2,"64":2,"70":1,"76":1,"82":2,"83":2,"85":2,"91":1,"98":1,"102":1,"105":1,"112":1,"119":1,"120":1,"123":1,"130":1,"131":1,"132":1,"133":1,"134":1,"135":1,"138":1,"143":2,"144":2,"147":1,"154":2,"155":2,"158":1,"165":2,"166":2,"169":1,"176":2,"177":2,"180":1,"187":1,"188":1,"192":1,"193":1}},"/home/travis/build/npmtest/node-npmtest-nw-gyp/lib.npmtest_nw_gyp.js":{"path":"/home/travis/build/npmtest/node-npmtest-nw-gyp/lib.npmtest_nw_gyp.js","s":{"1":2,"2":2,"3":2,"4":2,"5":2,"6":2,"7":2,"8":1,"9":2,"10":2,"11":2,"12":2,"13":1,"14":1,"15":1,"16":1},"b":{"1":[2,1,1,1],"2":[1,1,1,1],"3":[1,1],"4":[2,2],"5":[1,1]},"f":{"1":2,"2":2,"3":2},"fnMap":{"1":{"name":"(anonymous_1)","line":12,"loc":{"start":{"line":12,"column":1},"end":{"line":12,"column":13}}},"2":{"name":"(anonymous_2)","line":19,"loc":{"start":{"line":19,"column":5},"end":{"line":19,"column":17}}},"3":{"name":"(anonymous_3)","line":23,"loc":{"start":{"line":23,"column":24},"end":{"line":23,"column":36}}}},"statementMap":{"1":{"start":{"line":12,"column":0},"end":{"line":53,"column":5}},"2":{"start":{"line":14,"column":4},"end":{"line":14,"column":14}},"3":{"start":{"line":19,"column":4},"end":{"line":52,"column":9}},"4":{"start":{"line":21,"column":8},"end":{"line":21,"column":19}},"5":{"start":{"line":23,"column":8},"end":{"line":35,"column":13}},"6":{"start":{"line":24,"column":12},"end":{"line":34,"column":13}},"7":{"start":{"line":25,"column":16},"end":{"line":28,"column":30}},"8":{"start":{"line":30,"column":16},"end":{"line":33,"column":27}},"9":{"start":{"line":37,"column":8},"end":{"line":39,"column":21}},"10":{"start":{"line":41,"column":8},"end":{"line":41,"column":54}},"11":{"start":{"line":43,"column":8},"end":{"line":43,"column":51}},"12":{"start":{"line":45,"column":8},"end":{"line":51,"column":9}},"13":{"start":{"line":46,"column":12},"end":{"line":46,"column":57}},"14":{"start":{"line":48,"column":12},"end":{"line":48,"column":35}},"15":{"start":{"line":49,"column":12},"end":{"line":49,"column":49}},"16":{"start":{"line":50,"column":12},"end":{"line":50,"column":43}}},"branchMap":{"1":{"line":25,"type":"binary-expr","locations":[{"start":{"line":25,"column":23},"end":{"line":25,"column":62}},{"start":{"line":26,"column":20},"end":{"line":26,"column":70}},{"start":{"line":27,"column":20},"end":{"line":27,"column":71}},{"start":{"line":28,"column":20},"end":{"line":28,"column":29}}]},"2":{"line":30,"type":"binary-expr","locations":[{"start":{"line":30,"column":23},"end":{"line":30,"column":37}},{"start":{"line":31,"column":20},"end":{"line":31,"column":61}},{"start":{"line":32,"column":20},"end":{"line":32,"column":70}},{"start":{"line":33,"column":20},"end":{"line":33,"column":26}}]},"3":{"line":37,"type":"cond-expr","locations":[{"start":{"line":38,"column":14},"end":{"line":38,"column":20}},{"start":{"line":39,"column":14},"end":{"line":39,"column":20}}]},"4":{"line":41,"type":"binary-expr","locations":[{"start":{"line":41,"column":16},"end":{"line":41,"column":44}},{"start":{"line":41,"column":48},"end":{"line":41,"column":53}}]},"5":{"line":45,"type":"if","locations":[{"start":{"line":45,"column":8},"end":{"line":45,"column":8}},{"start":{"line":45,"column":8},"end":{"line":45,"column":8}}]}},"code":["/* istanbul instrument in package npmtest_nw_gyp */","/*jslint","    bitwise: true,","    browser: true,","    maxerr: 8,","    maxlen: 96,","    node: true,","    nomen: true,","    regexp: true,","    stupid: true","*/","(function () {","    'use strict';","    var local;","","","","    // run shared js-env code - pre-init","    (function () {","        // init local","        local = {};","        // init modeJs","        local.modeJs = (function () {","            try {","                return typeof navigator.userAgent === 'string' &&","                    typeof document.querySelector('body') === 'object' &&","                    typeof XMLHttpRequest.prototype.open === 'function' &&","                    'browser';","            } catch (errorCaughtBrowser) {","                return module.exports &&","                    typeof process.versions.node === 'string' &&","                    typeof require('http').createServer === 'function' &&","                    'node';","            }","        }());","        // init global","        local.global = local.modeJs === 'browser'","            ? window","            : global;","        // init utility2_rollup","        local = local.global.utility2_rollup || local;","        // init lib","        local.local = local.npmtest_nw_gyp = local;","        // init exports","        if (local.modeJs === 'browser') {","            local.global.utility2_npmtest_nw_gyp = local;","        } else {","            module.exports = local;","            module.exports.__dirname = __dirname;","            module.exports.module = module;","        }","    }());","}());",""],"l":{"12":2,"14":2,"19":2,"21":2,"23":2,"24":2,"25":2,"30":1,"37":2,"41":2,"43":2,"45":2,"46":1,"48":1,"49":1,"50":1}},"/home/travis/build/npmtest/node-npmtest-nw-gyp/example.js":{"path":"/home/travis/build/npmtest/node-npmtest-nw-gyp/example.js","s":{"1":2,"2":2,"3":2,"4":2,"5":2,"6":2,"7":2,"8":1,"9":2,"10":2,"11":2,"12":2,"13":1,"14":2,"15":2,"16":2,"17":2,"18":2,"19":0,"20":2,"21":1,"22":1,"23":1,"24":1,"25":1,"26":0,"27":0,"28":1,"29":1,"30":2,"31":0,"32":0,"33":0,"34":1,"35":2,"36":2,"37":3,"38":3,"39":3,"40":3,"41":0,"42":3,"43":3,"44":3,"45":1,"46":3,"47":1,"48":1,"49":1,"50":1,"51":1,"52":1,"53":1,"54":1,"55":1,"56":1,"57":0,"58":1,"59":6,"60":6,"61":1,"62":2,"63":0,"64":2,"65":1,"66":1,"67":0,"68":0,"69":0,"70":0,"71":0,"72":0,"73":0,"74":0,"75":0,"76":0,"77":0,"78":0,"79":0,"80":0,"81":0,"82":0,"83":0},"b":{"1":[2,1,1,1],"2":[1,1,1,1],"3":[1,1],"4":[2,2],"5":[1,1],"6":[1,1],"7":[2,0],"8":[2,1,1,1,1,1],"9":[0,2,0],"10":[1,1],"11":[2,1,1],"12":[1,0],"13":[0,2],"14":[2,0,0,0,0,0,0],"15":[0,3],"16":[3,0],"17":[1,1],"18":[0,1],"19":[1,2,0,2],"20":[1,0],"21":[1,1],"22":[0,0],"23":[0,0],"24":[0,0],"25":[0,0],"26":[0,0],"27":[0,0],"28":[0,0]},"f":{"1":2,"2":2,"3":2,"4":2,"5":2,"6":2,"7":3,"8":3,"9":3,"10":1,"11":6,"12":0},"fnMap":{"1":{"name":"(anonymous_1)","line":26,"loc":{"start":{"line":26,"column":1},"end":{"line":26,"column":13}}},"2":{"name":"(anonymous_2)","line":33,"loc":{"start":{"line":33,"column":5},"end":{"line":33,"column":17}}},"3":{"name":"(anonymous_3)","line":37,"loc":{"start":{"line":37,"column":24},"end":{"line":37,"column":36}}},"4":{"name":"(anonymous_4)","line":69,"loc":{"start":{"line":69,"column":31},"end":{"line":69,"column":48}},"skip":true},"5":{"name":"(anonymous_5)","line":78,"loc":{"start":{"line":78,"column":26},"end":{"line":78,"column":45}},"skip":true},"6":{"name":"(anonymous_6)","line":123,"loc":{"start":{"line":123,"column":33},"end":{"line":123,"column":48}},"skip":true},"7":{"name":"(anonymous_7)","line":125,"loc":{"start":{"line":125,"column":27},"end":{"line":125,"column":39}},"skip":true},"8":{"name":"(anonymous_8)","line":133,"loc":{"start":{"line":133,"column":59},"end":{"line":133,"column":74}},"skip":true},"9":{"name":"(anonymous_9)","line":143,"loc":{"start":{"line":143,"column":45},"end":{"line":143,"column":62}},"skip":true},"10":{"name":"(anonymous_10)","line":144,"loc":{"start":{"line":144,"column":73},"end":{"line":144,"column":92}},"skip":true},"11":{"name":"(anonymous_11)","line":272,"loc":{"start":{"line":272,"column":51},"end":{"line":272,"column":77}},"skip":true},"12":{"name":"(anonymous_12)","line":315,"loc":{"start":{"line":315,"column":32},"end":{"line":315,"column":61}},"skip":true}},"statementMap":{"1":{"start":{"line":26,"column":0},"end":{"line":326,"column":5}},"2":{"start":{"line":28,"column":4},"end":{"line":28,"column":14}},"3":{"start":{"line":33,"column":4},"end":{"line":60,"column":9}},"4":{"start":{"line":35,"column":8},"end":{"line":35,"column":19}},"5":{"start":{"line":37,"column":8},"end":{"line":49,"column":13}},"6":{"start":{"line":38,"column":12},"end":{"line":48,"column":13}},"7":{"start":{"line":39,"column":16},"end":{"line":42,"column":30}},"8":{"start":{"line":44,"column":16},"end":{"line":47,"column":27}},"9":{"start":{"line":51,"column":8},"end":{"line":53,"column":21}},"10":{"start":{"line":55,"column":8},"end":{"line":57,"column":45}},"11":{"start":{"line":59,"column":8},"end":{"line":59,"column":35}},"12":{"start":{"line":61,"column":4},"end":{"line":325,"column":5}},"13":{"start":{"line":69,"column":8},"end":{"line":121,"column":10},"skip":true},"14":{"start":{"line":70,"column":12},"end":{"line":88,"column":13},"skip":true},"15":{"start":{"line":76,"column":16},"end":{"line":87,"column":19},"skip":true},"16":{"start":{"line":79,"column":20},"end":{"line":86,"column":21},"skip":true},"17":{"start":{"line":82,"column":24},"end":{"line":82,"column":43},"skip":true},"18":{"start":{"line":83,"column":24},"end":{"line":83,"column":30},"skip":true},"19":{"start":{"line":85,"column":24},"end":{"line":85,"column":49},"skip":true},"20":{"start":{"line":89,"column":12},"end":{"line":107,"column":13},"skip":true},"21":{"start":{"line":92,"column":16},"end":{"line":102,"column":17},"skip":true},"22":{"start":{"line":93,"column":20},"end":{"line":93,"column":86},"skip":true},"23":{"start":{"line":94,"column":20},"end":{"line":95,"column":45},"skip":true},"24":{"start":{"line":96,"column":20},"end":{"line":96,"column":42},"skip":true},"25":{"start":{"line":97,"column":20},"end":{"line":97,"column":48},"skip":true},"26":{"start":{"line":100,"column":20},"end":{"line":100,"column":85},"skip":true},"27":{"start":{"line":101,"column":20},"end":{"line":101,"column":96},"skip":true},"28":{"start":{"line":103,"column":16},"end":{"line":103,"column":22},"skip":true},"29":{"start":{"line":106,"column":16},"end":{"line":106,"column":22},"skip":true},"30":{"start":{"line":108,"column":12},"end":{"line":120,"column":13},"skip":true},"31":{"start":{"line":114,"column":16},"end":{"line":119,"column":17},"skip":true},"32":{"start":{"line":116,"column":20},"end":{"line":116,"column":78},"skip":true},"33":{"start":{"line":118,"column":20},"end":{"line":118,"column":47},"skip":true},"34":{"start":{"line":123,"column":8},"end":{"line":141,"column":11},"skip":true},"35":{"start":{"line":124,"column":12},"end":{"line":124,"column":54},"skip":true},"36":{"start":{"line":125,"column":12},"end":{"line":140,"column":14},"skip":true},"37":{"start":{"line":126,"column":16},"end":{"line":126,"column":28},"skip":true},"38":{"start":{"line":127,"column":16},"end":{"line":127,"column":69},"skip":true},"39":{"start":{"line":128,"column":16},"end":{"line":128,"column":75},"skip":true},"40":{"start":{"line":129,"column":16},"end":{"line":131,"column":17},"skip":true},"41":{"start":{"line":130,"column":20},"end":{"line":130,"column":27},"skip":true},"42":{"start":{"line":133,"column":16},"end":{"line":137,"column":36},"skip":true},"43":{"start":{"line":134,"column":20},"end":{"line":136,"column":55},"skip":true},"44":{"start":{"line":139,"column":16},"end":{"line":139,"column":57},"skip":true},"45":{"start":{"line":143,"column":8},"end":{"line":147,"column":11},"skip":true},"46":{"start":{"line":144,"column":12},"end":{"line":146,"column":15},"skip":true},"47":{"start":{"line":145,"column":16},"end":{"line":145,"column":70},"skip":true},"48":{"start":{"line":149,"column":8},"end":{"line":149,"column":31},"skip":true},"49":{"start":{"line":150,"column":8},"end":{"line":150,"column":14},"skip":true},"50":{"start":{"line":158,"column":8},"end":{"line":158,"column":31},"skip":true},"51":{"start":{"line":160,"column":8},"end":{"line":160,"column":33},"skip":true},"52":{"start":{"line":161,"column":8},"end":{"line":161,"column":37},"skip":true},"53":{"start":{"line":162,"column":8},"end":{"line":162,"column":35},"skip":true},"54":{"start":{"line":164,"column":8},"end":{"line":164,"column":50},"skip":true},"55":{"start":{"line":166,"column":8},"end":{"line":256,"column":2},"skip":true},"56":{"start":{"line":258,"column":8},"end":{"line":286,"column":9},"skip":true},"57":{"start":{"line":259,"column":12},"end":{"line":269,"column":14},"skip":true},"58":{"start":{"line":271,"column":12},"end":{"line":285,"column":19},"skip":true},"59":{"start":{"line":274,"column":20},"end":{"line":274,"column":35},"skip":true},"60":{"start":{"line":275,"column":20},"end":{"line":284,"column":21},"skip":true},"61":{"start":{"line":277,"column":24},"end":{"line":277,"column":64},"skip":true},"62":{"start":{"line":279,"column":24},"end":{"line":279,"column":40},"skip":true},"63":{"start":{"line":281,"column":24},"end":{"line":281,"column":40},"skip":true},"64":{"start":{"line":283,"column":24},"end":{"line":283,"column":39},"skip":true},"65":{"start":{"line":288,"column":8},"end":{"line":290,"column":9},"skip":true},"66":{"start":{"line":289,"column":12},"end":{"line":289,"column":18},"skip":true},"67":{"start":{"line":291,"column":8},"end":{"line":293,"column":54},"skip":true},"68":{"start":{"line":296,"column":8},"end":{"line":301,"column":37},"skip":true},"69":{"start":{"line":303,"column":8},"end":{"line":303,"column":82},"skip":true},"70":{"start":{"line":306,"column":8},"end":{"line":308,"column":9},"skip":true},"71":{"start":{"line":307,"column":12},"end":{"line":307,"column":82},"skip":true},"72":{"start":{"line":310,"column":8},"end":{"line":312,"column":9},"skip":true},"73":{"start":{"line":311,"column":12},"end":{"line":311,"column":18},"skip":true},"74":{"start":{"line":313,"column":8},"end":{"line":313,"column":54},"skip":true},"75":{"start":{"line":314,"column":8},"end":{"line":314,"column":69},"skip":true},"76":{"start":{"line":315,"column":8},"end":{"line":323,"column":36},"skip":true},"77":{"start":{"line":316,"column":12},"end":{"line":316,"column":61},"skip":true},"78":{"start":{"line":317,"column":12},"end":{"line":320,"column":13},"skip":true},"79":{"start":{"line":318,"column":16},"end":{"line":318,"column":75},"skip":true},"80":{"start":{"line":319,"column":16},"end":{"line":319,"column":23},"skip":true},"81":{"start":{"line":321,"column":12},"end":{"line":321,"column":38},"skip":true},"82":{"start":{"line":322,"column":12},"end":{"line":322,"column":27},"skip":true},"83":{"start":{"line":324,"column":8},"end":{"line":324,"column":14},"skip":true}},"branchMap":{"1":{"line":39,"type":"binary-expr","locations":[{"start":{"line":39,"column":23},"end":{"line":39,"column":62}},{"start":{"line":40,"column":20},"end":{"line":40,"column":70}},{"start":{"line":41,"column":20},"end":{"line":41,"column":71}},{"start":{"line":42,"column":20},"end":{"line":42,"column":29}}]},"2":{"line":44,"type":"binary-expr","locations":[{"start":{"line":44,"column":23},"end":{"line":44,"column":37}},{"start":{"line":45,"column":20},"end":{"line":45,"column":61}},{"start":{"line":46,"column":20},"end":{"line":46,"column":70}},{"start":{"line":47,"column":20},"end":{"line":47,"column":26}}]},"3":{"line":51,"type":"cond-expr","locations":[{"start":{"line":52,"column":14},"end":{"line":52,"column":20}},{"start":{"line":53,"column":14},"end":{"line":53,"column":20}}]},"4":{"line":55,"type":"binary-expr","locations":[{"start":{"line":55,"column":16},"end":{"line":55,"column":44}},{"start":{"line":55,"column":49},"end":{"line":57,"column":43}}]},"5":{"line":55,"type":"cond-expr","locations":[{"start":{"line":56,"column":14},"end":{"line":56,"column":50}},{"start":{"line":57,"column":14},"end":{"line":57,"column":43}}]},"6":{"line":61,"type":"switch","locations":[{"start":{"line":68,"column":4},"end":{"line":150,"column":14},"skip":true},{"start":{"line":156,"column":4},"end":{"line":324,"column":14},"skip":true}]},"7":{"line":70,"type":"if","locations":[{"start":{"line":70,"column":12},"end":{"line":70,"column":12},"skip":true},{"start":{"line":70,"column":12},"end":{"line":70,"column":12},"skip":true}]},"8":{"line":70,"type":"binary-expr","locations":[{"start":{"line":70,"column":16},"end":{"line":70,"column":22},"skip":true},{"start":{"line":70,"column":27},"end":{"line":70,"column":32},"skip":true},{"start":{"line":71,"column":20},"end":{"line":71,"column":39},"skip":true},{"start":{"line":72,"column":20},"end":{"line":72,"column":49},"skip":true},{"start":{"line":73,"column":20},"end":{"line":73,"column":58},"skip":true},{"start":{"line":74,"column":20},"end":{"line":74,"column":69},"skip":true}]},"9":{"line":79,"type":"switch","locations":[{"start":{"line":80,"column":20},"end":{"line":80,"column":33},"skip":true},{"start":{"line":81,"column":20},"end":{"line":83,"column":30},"skip":true},{"start":{"line":84,"column":20},"end":{"line":85,"column":49},"skip":true}]},"10":{"line":89,"type":"switch","locations":[{"start":{"line":90,"column":12},"end":{"line":103,"column":22},"skip":true},{"start":{"line":105,"column":12},"end":{"line":106,"column":22},"skip":true}]},"11":{"line":89,"type":"binary-expr","locations":[{"start":{"line":89,"column":20},"end":{"line":89,"column":25},"skip":true},{"start":{"line":89,"column":29},"end":{"line":89,"column":48},"skip":true},{"start":{"line":89,"column":52},"end":{"line":89,"column":74},"skip":true}]},"12":{"line":92,"type":"if","locations":[{"start":{"line":92,"column":16},"end":{"line":92,"column":16},"skip":true},{"start":{"line":92,"column":16},"end":{"line":92,"column":16},"skip":true}]},"13":{"line":108,"type":"if","locations":[{"start":{"line":108,"column":12},"end":{"line":108,"column":12},"skip":true},{"start":{"line":108,"column":12},"end":{"line":108,"column":12},"skip":true}]},"14":{"line":108,"type":"binary-expr","locations":[{"start":{"line":108,"column":16},"end":{"line":108,"column":61},"skip":true},{"start":{"line":108,"column":66},"end":{"line":108,"column":72},"skip":true},{"start":{"line":108,"column":77},"end":{"line":108,"column":82},"skip":true},{"start":{"line":109,"column":20},"end":{"line":109,"column":39},"skip":true},{"start":{"line":110,"column":20},"end":{"line":110,"column":49},"skip":true},{"start":{"line":111,"column":20},"end":{"line":111,"column":58},"skip":true},{"start":{"line":112,"column":20},"end":{"line":112,"column":68},"skip":true}]},"15":{"line":129,"type":"if","locations":[{"start":{"line":129,"column":16},"end":{"line":129,"column":16},"skip":true},{"start":{"line":129,"column":16},"end":{"line":129,"column":16},"skip":true}]},"16":{"line":134,"type":"cond-expr","locations":[{"start":{"line":135,"column":26},"end":{"line":135,"column":29},"skip":true},{"start":{"line":136,"column":26},"end":{"line":136,"column":54},"skip":true}]},"17":{"line":164,"type":"binary-expr","locations":[{"start":{"line":164,"column":27},"end":{"line":164,"column":43},"skip":true},{"start":{"line":164,"column":47},"end":{"line":164,"column":49},"skip":true}]},"18":{"line":258,"type":"if","locations":[{"start":{"line":258,"column":8},"end":{"line":258,"column":8},"skip":true},{"start":{"line":258,"column":8},"end":{"line":258,"column":8},"skip":true}]},"19":{"line":275,"type":"switch","locations":[{"start":{"line":276,"column":20},"end":{"line":277,"column":64},"skip":true},{"start":{"line":278,"column":20},"end":{"line":279,"column":40},"skip":true},{"start":{"line":280,"column":20},"end":{"line":281,"column":40},"skip":true},{"start":{"line":282,"column":20},"end":{"line":283,"column":39},"skip":true}]},"20":{"line":288,"type":"if","locations":[{"start":{"line":288,"column":8},"end":{"line":288,"column":8},"skip":true},{"start":{"line":288,"column":8},"end":{"line":288,"column":8},"skip":true}]},"21":{"line":288,"type":"binary-expr","locations":[{"start":{"line":288,"column":12},"end":{"line":288,"column":40},"skip":true},{"start":{"line":288,"column":44},"end":{"line":288,"column":67},"skip":true}]},"22":{"line":292,"type":"binary-expr","locations":[{"start":{"line":292,"column":12},"end":{"line":292,"column":50},"skip":true},{"start":{"line":293,"column":12},"end":{"line":293,"column":53},"skip":true}]},"23":{"line":297,"type":"binary-expr","locations":[{"start":{"line":297,"column":12},"end":{"line":297,"column":64},"skip":true},{"start":{"line":298,"column":12},"end":{"line":301,"column":36},"skip":true}]},"24":{"line":303,"type":"binary-expr","locations":[{"start":{"line":303,"column":43},"end":{"line":303,"column":75},"skip":true},{"start":{"line":303,"column":79},"end":{"line":303,"column":81},"skip":true}]},"25":{"line":306,"type":"if","locations":[{"start":{"line":306,"column":8},"end":{"line":306,"column":8},"skip":true},{"start":{"line":306,"column":8},"end":{"line":306,"column":8},"skip":true}]},"26":{"line":310,"type":"if","locations":[{"start":{"line":310,"column":8},"end":{"line":310,"column":8},"skip":true},{"start":{"line":310,"column":8},"end":{"line":310,"column":8},"skip":true}]},"27":{"line":313,"type":"binary-expr","locations":[{"start":{"line":313,"column":27},"end":{"line":313,"column":43},"skip":true},{"start":{"line":313,"column":47},"end":{"line":313,"column":53},"skip":true}]},"28":{"line":317,"type":"if","locations":[{"start":{"line":317,"column":12},"end":{"line":317,"column":12},"skip":true},{"start":{"line":317,"column":12},"end":{"line":317,"column":12},"skip":true}]}},"code":["/*","example.js","","quickstart example","","instruction","    1. save this script as example.js","    2. run the shell command:","        $ npm install npmtest-nw-gyp && PORT=8081 node example.js","    3. play with the browser-demo on http://127.0.0.1:8081","*/","","","","/* istanbul instrument in package npmtest_nw_gyp */","/*jslint","    bitwise: true,","    browser: true,","    maxerr: 8,","    maxlen: 96,","    node: true,","    nomen: true,","    regexp: true,","    stupid: true","*/","(function () {","    'use strict';","    var local;","","","","    // run shared js-env code - pre-init","    (function () {","        // init local","        local = {};","        // init modeJs","        local.modeJs = (function () {","            try {","                return typeof navigator.userAgent === 'string' &&","                    typeof document.querySelector('body') === 'object' &&","                    typeof XMLHttpRequest.prototype.open === 'function' &&","                    'browser';","            } catch (errorCaughtBrowser) {","                return module.exports &&","                    typeof process.versions.node === 'string' &&","                    typeof require('http').createServer === 'function' &&","                    'node';","            }","        }());","        // init global","        local.global = local.modeJs === 'browser'","            ? window","            : global;","        // init utility2_rollup","        local = local.global.utility2_rollup || (local.modeJs === 'browser'","            ? local.global.utility2_npmtest_nw_gyp","            : global.utility2_moduleExports);","        // export local","        local.global.local = local;","    }());","    switch (local.modeJs) {","","","","    // post-init","    // run browser js-env code - post-init","    /* istanbul ignore next */","    case 'browser':","        local.testRunBrowser = function (event) {","            if (!event || (event &&","                    event.currentTarget &&","                    event.currentTarget.className &&","                    event.currentTarget.className.includes &&","                    event.currentTarget.className.includes('onreset'))) {","                // reset output","                Array.from(","                    document.querySelectorAll('body > .resettable')","                ).forEach(function (element) {","                    switch (element.tagName) {","                    case 'INPUT':","                    case 'TEXTAREA':","                        element.value = '';","                        break;","                    default:","                        element.textContent = '';","                    }","                });","            }","            switch (event && event.currentTarget && event.currentTarget.id) {","            case 'testRunButton1':","                // show tests","                if (document.querySelector('#testReportDiv1').style.display === 'none') {","                    document.querySelector('#testReportDiv1').style.display = 'block';","                    document.querySelector('#testRunButton1').textContent =","                        'hide internal test';","                    local.modeTest = true;","                    local.testRunDefault(local);","                // hide tests","                } else {","                    document.querySelector('#testReportDiv1').style.display = 'none';","                    document.querySelector('#testRunButton1').textContent = 'run internal test';","                }","                break;","            // custom-case","            default:","                break;","            }","            if (document.querySelector('#inputTextareaEval1') && (!event || (event &&","                    event.currentTarget &&","                    event.currentTarget.className &&","                    event.currentTarget.className.includes &&","                    event.currentTarget.className.includes('oneval')))) {","                // try to eval input-code","                try {","                    /*jslint evil: true*/","                    eval(document.querySelector('#inputTextareaEval1').value);","                } catch (errorCaught) {","                    console.error(errorCaught);","                }","            }","        };","        // log stderr and stdout to #outputTextareaStdout1","        ['error', 'log'].forEach(function (key) {","            console[key + '_original'] = console[key];","            console[key] = function () {","                var element;","                console[key + '_original'].apply(console, arguments);","                element = document.querySelector('#outputTextareaStdout1');","                if (!element) {","                    return;","                }","                // append text to #outputTextareaStdout1","                element.value += Array.from(arguments).map(function (arg) {","                    return typeof arg === 'string'","                        ? arg","                        : JSON.stringify(arg, null, 4);","                }).join(' ') + '\\n';","                // scroll textarea to bottom","                element.scrollTop = element.scrollHeight;","            };","        });","        // init event-handling","        ['change', 'click', 'keyup'].forEach(function (event) {","            Array.from(document.querySelectorAll('.on' + event)).forEach(function (element) {","                element.addEventListener(event, local.testRunBrowser);","            });","        });","        // run tests","        local.testRunBrowser();","        break;","","","","    // run node js-env code - post-init","    /* istanbul ignore next */","    case 'node':","        // export local","        module.exports = local;","        // require modules","        local.fs = require('fs');","        local.http = require('http');","        local.url = require('url');","        // init assets","        local.assetsDict = local.assetsDict || {};","        /* jslint-ignore-begin */","        local.assetsDict['/assets.index.template.html'] = '\\","<!doctype html>\\n\\","<html lang=\"en\">\\n\\","<head>\\n\\","<meta charset=\"UTF-8\">\\n\\","<meta name=\"viewport\" content=\"width=device-width, initial-scale=1\">\\n\\","<title>{{env.npm_package_name}} (v{{env.npm_package_version}})</title>\\n\\","<style>\\n\\","/*csslint\\n\\","    box-sizing: false,\\n\\","    universal-selector: false\\n\\","*/\\n\\","* {\\n\\","    box-sizing: border-box;\\n\\","}\\n\\","body {\\n\\","    background: #dde;\\n\\","    font-family: Arial, Helvetica, sans-serif;\\n\\","    margin: 2rem;\\n\\","}\\n\\","body > * {\\n\\","    margin-bottom: 1rem;\\n\\","}\\n\\",".utility2FooterDiv {\\n\\","    margin-top: 20px;\\n\\","    text-align: center;\\n\\","}\\n\\","</style>\\n\\","<style>\\n\\","/*csslint\\n\\","*/\\n\\","textarea {\\n\\","    font-family: monospace;\\n\\","    height: 10rem;\\n\\","    width: 100%;\\n\\","}\\n\\","textarea[readonly] {\\n\\","    background: #ddd;\\n\\","}\\n\\","</style>\\n\\","</head>\\n\\","<body>\\n\\","<!-- utility2-comment\\n\\","<div id=\"ajaxProgressDiv1\" style=\"background: #d00; height: 2px; left: 0; margin: 0; padding: 0; position: fixed; top: 0; transition: background 0.5s, width 1.5s; width: 25%;\"></div>\\n\\","utility2-comment -->\\n\\","<h1>\\n\\","<!-- utility2-comment\\n\\","    <a\\n\\","        {{#if env.npm_package_homepage}}\\n\\","        href=\"{{env.npm_package_homepage}}\"\\n\\","        {{/if env.npm_package_homepage}}\\n\\","        target=\"_blank\"\\n\\","    >\\n\\","utility2-comment -->\\n\\","        {{env.npm_package_name}} (v{{env.npm_package_version}})\\n\\","<!-- utility2-comment\\n\\","    </a>\\n\\","utility2-comment -->\\n\\","</h1>\\n\\","<h3>{{env.npm_package_description}}</h3>\\n\\","<!-- utility2-comment\\n\\","<h4><a download href=\"assets.app.js\">download standalone app</a></h4>\\n\\","<button class=\"onclick onreset\" id=\"testRunButton1\">run internal test</button><br>\\n\\","<div id=\"testReportDiv1\" style=\"display: none;\"></div>\\n\\","utility2-comment -->\\n\\","\\n\\","\\n\\","\\n\\","<label>stderr and stdout</label>\\n\\","<textarea class=\"resettable\" id=\"outputTextareaStdout1\" readonly></textarea>\\n\\","<!-- utility2-comment\\n\\","{{#if isRollup}}\\n\\","<script src=\"assets.app.js\"></script>\\n\\","{{#unless isRollup}}\\n\\","utility2-comment -->\\n\\","<script src=\"assets.utility2.rollup.js\"></script>\\n\\","<script src=\"jsonp.utility2._stateInit?callback=window.utility2._stateInit\"></script>\\n\\","<script src=\"assets.npmtest_nw_gyp.rollup.js\"></script>\\n\\","<script src=\"assets.example.js\"></script>\\n\\","<script src=\"assets.test.js\"></script>\\n\\","<!-- utility2-comment\\n\\","{{/if isRollup}}\\n\\","utility2-comment -->\\n\\","<div class=\"utility2FooterDiv\">\\n\\","    [ this app was created with\\n\\","    <a href=\"https://github.com/kaizhu256/node-utility2\" target=\"_blank\">utility2</a>\\n\\","    ]\\n\\","</div>\\n\\","</body>\\n\\","</html>\\n\\","';","        /* jslint-ignore-end */","        if (local.templateRender) {","            local.assetsDict['/'] = local.templateRender(","                local.assetsDict['/assets.index.template.html'],","                {","                    env: local.objectSetDefault(local.env, {","                        npm_package_description: 'the greatest app in the world!',","                        npm_package_name: 'my-app',","                        npm_package_nameAlias: 'my_app',","                        npm_package_version: '0.0.1'","                    })","                }","            );","        } else {","            local.assetsDict['/'] = local.assetsDict['/assets.index.template.html']","                .replace((/\\{\\{env\\.(\\w+?)\\}\\}/g), function (match0, match1) {","                    // jslint-hack","                    String(match0);","                    switch (match1) {","                    case 'npm_package_description':","                        return 'the greatest app in the world!';","                    case 'npm_package_name':","                        return 'my-app';","                    case 'npm_package_nameAlias':","                        return 'my_app';","                    case 'npm_package_version':","                        return '0.0.1';","                    }","                });","        }","        // run the cli","        if (local.global.utility2_rollup || module !== require.main) {","            break;","        }","        local.assetsDict['/assets.example.js'] =","            local.assetsDict['/assets.example.js'] ||","            local.fs.readFileSync(__filename, 'utf8');","        // bug-workaround - long $npm_package_buildCustomOrg","        /* jslint-ignore-begin */","        local.assetsDict['/assets.npmtest_nw_gyp.rollup.js'] =","            local.assetsDict['/assets.npmtest_nw_gyp.rollup.js'] ||","            local.fs.readFileSync(","                local.npmtest_nw_gyp.__dirname + '/lib.npmtest_nw_gyp.js',","                'utf8'","            ).replace((/^#!/), '//');","        /* jslint-ignore-end */","        local.assetsDict['/favicon.ico'] = local.assetsDict['/favicon.ico'] || '';","        // if $npm_config_timeout_exit exists,","        // then exit this process after $npm_config_timeout_exit ms","        if (Number(process.env.npm_config_timeout_exit)) {","            setTimeout(process.exit, Number(process.env.npm_config_timeout_exit));","        }","        // start server","        if (local.global.utility2_serverHttp1) {","            break;","        }","        process.env.PORT = process.env.PORT || '8081';","        console.error('server starting on port ' + process.env.PORT);","        local.http.createServer(function (request, response) {","            request.urlParsed = local.url.parse(request.url);","            if (local.assetsDict[request.urlParsed.pathname] !== undefined) {","                response.end(local.assetsDict[request.urlParsed.pathname]);","                return;","            }","            response.statusCode = 404;","            response.end();","        }).listen(process.env.PORT);","        break;","    }","}());",""],"l":{"26":2,"28":2,"33":2,"35":2,"37":2,"38":2,"39":2,"44":1,"51":2,"55":2,"59":2,"61":2,"69":1,"70":2,"76":2,"79":2,"82":2,"83":2,"85":1,"89":2,"92":1,"93":1,"94":1,"96":1,"97":1,"100":1,"101":1,"103":1,"106":1,"108":2,"114":1,"116":1,"118":1,"123":1,"124":2,"125":2,"126":3,"127":3,"128":3,"129":3,"130":1,"133":3,"134":3,"139":3,"143":1,"144":3,"145":1,"149":1,"150":1,"158":1,"160":1,"161":1,"162":1,"164":1,"166":1,"258":1,"259":1,"271":1,"274":6,"275":6,"277":1,"279":2,"281":1,"283":2,"288":1,"289":1,"291":1,"296":1,"303":1,"306":1,"307":1,"310":1,"311":1,"313":1,"314":1,"315":1,"316":1,"317":1,"318":1,"319":1,"321":1,"322":1,"324":1}},"/home/travis/build/npmtest/node-npmtest-nw-gyp/node_modules/nw-gyp/lib/nw-gyp.js":{"path":"/home/travis/build/npmtest/node-npmtest-nw-gyp/node_modules/nw-gyp/lib/nw-gyp.js","s":{"1":2,"2":2,"3":0,"4":1,"5":0,"6":1,"7":0,"8":0,"9":0,"10":0,"11":0,"12":0,"13":0,"14":0,"15":0,"16":0,"17":0,"18":0,"19":0,"20":0,"21":0,"22":0,"23":0,"24":0,"25":0,"26":0,"27":0,"28":0,"29":0,"30":0,"31":0,"32":0,"33":0,"34":0,"35":0,"36":0,"37":0,"38":0,"39":0,"40":0,"41":0,"42":0,"43":0,"44":0,"45":0,"46":0,"47":0,"48":0,"49":0,"50":0,"51":0,"52":0,"53":0,"54":0,"55":0,"56":0,"57":0,"58":0,"59":0,"60":0,"61":0,"62":0,"63":0,"64":0,"65":0,"66":0,"67":0,"68":0,"69":0,"70":0,"71":0,"72":0,"73":0},"b":{"1":[0,0],"2":[0,0],"3":[0,0],"4":[0,0],"5":[0,0],"6":[0,0],"7":[0,0],"8":[0,0],"9":[0,0],"10":[0,0],"11":[0,0],"12":[0,0],"13":[0,0],"14":[0,0]},"f":{"1":0,"2":0,"3":0,"4":0,"5":0,"6":0,"7":0,"8":0,"9":0,"10":0,"11":0,"12":0,"13":0},"fnMap":{"1":{"name":"gyp","line":42,"loc":{"start":{"line":42,"column":0},"end":{"line":42,"column":16}}},"2":{"name":"Gyp","line":46,"loc":{"start":{"line":46,"column":0},"end":{"line":46,"column":16}}},"3":{"name":"(anonymous_3)","line":51,"loc":{"start":{"line":51,"column":19},"end":{"line":51,"column":38}}},"4":{"name":"(anonymous_4)","line":52,"loc":{"start":{"line":52,"column":29},"end":{"line":52,"column":55}}},"5":{"name":"parseOpts","line":118,"loc":{"start":{"line":118,"column":18},"end":{"line":118,"column":44}}},"6":{"name":"(anonymous_6)","line":125,"loc":{"start":{"line":125,"column":23},"end":{"line":125,"column":38}}},"7":{"name":"(anonymous_7)","line":134,"loc":{"start":{"line":134,"column":23},"end":{"line":134,"column":38}}},"8":{"name":"(anonymous_8)","line":150,"loc":{"start":{"line":150,"column":35},"end":{"line":150,"column":51}}},"9":{"name":"spawn","line":176,"loc":{"start":{"line":176,"column":14},"end":{"line":176,"column":51}}},"10":{"name":"usage","line":191,"loc":{"start":{"line":191,"column":14},"end":{"line":191,"column":32}}},"11":{"name":"(anonymous_11)","line":197,"loc":{"start":{"line":197,"column":19},"end":{"line":197,"column":32}}},"12":{"name":"(anonymous_12)","line":211,"loc":{"start":{"line":211,"column":20},"end":{"line":211,"column":31}}},"13":{"name":"(anonymous_13)","line":232,"loc":{"start":{"line":232,"column":9},"end":{"line":232,"column":21}}}},"statementMap":{"1":{"start":{"line":6,"column":0},"end":{"line":6,"column":30}},"2":{"start":{"line":12,"column":0},"end":{"line":33,"column":5}},"3":{"start":{"line":36,"column":0},"end":{"line":36,"column":19}},"4":{"start":{"line":42,"column":0},"end":{"line":44,"column":1}},"5":{"start":{"line":43,"column":2},"end":{"line":43,"column":18}},"6":{"start":{"line":46,"column":0},"end":{"line":57,"column":1}},"7":{"start":{"line":47,"column":2},"end":{"line":47,"column":17}},"8":{"start":{"line":49,"column":2},"end":{"line":49,"column":20}},"9":{"start":{"line":51,"column":2},"end":{"line":56,"column":4}},"10":{"start":{"line":52,"column":4},"end":{"line":55,"column":5}},"11":{"start":{"line":53,"column":6},"end":{"line":53,"column":43}},"12":{"start":{"line":54,"column":6},"end":{"line":54,"column":58}},"13":{"start":{"line":58,"column":0},"end":{"line":58,"column":17}},"14":{"start":{"line":59,"column":0},"end":{"line":59,"column":17}},"15":{"start":{"line":60,"column":0},"end":{"line":60,"column":25}},"16":{"start":{"line":66,"column":0},"end":{"line":66,"column":37}},"17":{"start":{"line":72,"column":0},"end":{"line":91,"column":1}},"18":{"start":{"line":97,"column":0},"end":{"line":105,"column":1}},"19":{"start":{"line":111,"column":0},"end":{"line":111,"column":23}},"20":{"start":{"line":118,"column":0},"end":{"line":170,"column":1}},"21":{"start":{"line":119,"column":2},"end":{"line":119,"column":58}},"22":{"start":{"line":120,"column":2},"end":{"line":120,"column":43}},"23":{"start":{"line":122,"column":2},"end":{"line":122,"column":31}},"24":{"start":{"line":125,"column":2},"end":{"line":131,"column":10}},"25":{"start":{"line":127,"column":4},"end":{"line":129,"column":5}},"26":{"start":{"line":128,"column":6},"end":{"line":128,"column":29}},"27":{"start":{"line":130,"column":4},"end":{"line":130,"column":14}},"28":{"start":{"line":134,"column":2},"end":{"line":143,"column":10}},"29":{"start":{"line":135,"column":4},"end":{"line":142,"column":5}},"30":{"start":{"line":136,"column":6},"end":{"line":136,"column":50}},"31":{"start":{"line":137,"column":6},"end":{"line":137,"column":18}},"32":{"start":{"line":138,"column":6},"end":{"line":140,"column":7}},"33":{"start":{"line":139,"column":8},"end":{"line":139,"column":49}},"34":{"start":{"line":141,"column":6},"end":{"line":141,"column":44}},"35":{"start":{"line":144,"column":2},"end":{"line":146,"column":3}},"36":{"start":{"line":145,"column":4},"end":{"line":145,"column":55}},"37":{"start":{"line":149,"column":2},"end":{"line":149,"column":39}},"38":{"start":{"line":150,"column":2},"end":{"line":162,"column":10}},"39":{"start":{"line":151,"column":4},"end":{"line":151,"column":53}},"40":{"start":{"line":151,"column":47},"end":{"line":151,"column":53}},"41":{"start":{"line":152,"column":4},"end":{"line":152,"column":31}},"42":{"start":{"line":153,"column":4},"end":{"line":161,"column":5}},"43":{"start":{"line":154,"column":6},"end":{"line":154,"column":21}},"44":{"start":{"line":157,"column":6},"end":{"line":157,"column":53}},"45":{"start":{"line":160,"column":6},"end":{"line":160,"column":37}},"46":{"start":{"line":160,"column":16},"end":{"line":160,"column":37}},"47":{"start":{"line":164,"column":2},"end":{"line":166,"column":3}},"48":{"start":{"line":165,"column":4},"end":{"line":165,"column":34}},"49":{"start":{"line":167,"column":2},"end":{"line":167,"column":14}},"50":{"start":{"line":169,"column":2},"end":{"line":169,"column":20}},"51":{"start":{"line":176,"column":0},"end":{"line":185,"column":1}},"52":{"start":{"line":177,"column":2},"end":{"line":177,"column":22}},"53":{"start":{"line":177,"column":13},"end":{"line":177,"column":22}},"54":{"start":{"line":178,"column":2},"end":{"line":180,"column":3}},"55":{"start":{"line":179,"column":4},"end":{"line":179,"column":28}},"56":{"start":{"line":181,"column":2},"end":{"line":181,"column":51}},"57":{"start":{"line":182,"column":2},"end":{"line":182,"column":28}},"58":{"start":{"line":183,"column":2},"end":{"line":183,"column":30}},"59":{"start":{"line":184,"column":2},"end":{"line":184,"column":11}},"60":{"start":{"line":191,"column":0},"end":{"line":205,"column":1}},"61":{"start":{"line":192,"column":2},"end":{"line":203,"column":14}},"62":{"start":{"line":198,"column":8},"end":{"line":198,"column":61}},"63":{"start":{"line":204,"column":2},"end":{"line":204,"column":12}},"64":{"start":{"line":211,"column":0},"end":{"line":225,"column":1}},"65":{"start":{"line":212,"column":2},"end":{"line":215,"column":3}},"66":{"start":{"line":213,"column":4},"end":{"line":213,"column":34}},"67":{"start":{"line":214,"column":4},"end":{"line":214,"column":10}},"68":{"start":{"line":217,"column":2},"end":{"line":217,"column":59}},"69":{"start":{"line":218,"column":2},"end":{"line":223,"column":3}},"70":{"start":{"line":219,"column":4},"end":{"line":222,"column":5}},"71":{"start":{"line":224,"column":2},"end":{"line":224,"column":48}},"72":{"start":{"line":231,"column":0},"end":{"line":236,"column":2}},"73":{"start":{"line":233,"column":6},"end":{"line":233,"column":33}}},"branchMap":{"1":{"line":127,"type":"if","locations":[{"start":{"line":127,"column":4},"end":{"line":127,"column":4}},{"start":{"line":127,"column":4},"end":{"line":127,"column":4}}]},"2":{"line":135,"type":"if","locations":[{"start":{"line":135,"column":4},"end":{"line":135,"column":4}},{"start":{"line":135,"column":4},"end":{"line":135,"column":4}}]},"3":{"line":138,"type":"if","locations":[{"start":{"line":138,"column":6},"end":{"line":138,"column":6}},{"start":{"line":138,"column":6},"end":{"line":138,"column":6}}]},"4":{"line":144,"type":"if","locations":[{"start":{"line":144,"column":2},"end":{"line":144,"column":2}},{"start":{"line":144,"column":2},"end":{"line":144,"column":2}}]},"5":{"line":151,"type":"if","locations":[{"start":{"line":151,"column":4},"end":{"line":151,"column":4}},{"start":{"line":151,"column":4},"end":{"line":151,"column":4}}]},"6":{"line":153,"type":"if","locations":[{"start":{"line":153,"column":4},"end":{"line":153,"column":4}},{"start":{"line":153,"column":4},"end":{"line":153,"column":4}}]},"7":{"line":160,"type":"if","locations":[{"start":{"line":160,"column":6},"end":{"line":160,"column":6}},{"start":{"line":160,"column":6},"end":{"line":160,"column":6}}]},"8":{"line":164,"type":"if","locations":[{"start":{"line":164,"column":2},"end":{"line":164,"column":2}},{"start":{"line":164,"column":2},"end":{"line":164,"column":2}}]},"9":{"line":177,"type":"if","locations":[{"start":{"line":177,"column":2},"end":{"line":177,"column":2}},{"start":{"line":177,"column":2},"end":{"line":177,"column":2}}]},"10":{"line":178,"type":"if","locations":[{"start":{"line":178,"column":2},"end":{"line":178,"column":2}},{"start":{"line":178,"column":2},"end":{"line":178,"column":2}}]},"11":{"line":178,"type":"binary-expr","locations":[{"start":{"line":178,"column":6},"end":{"line":178,"column":18}},{"start":{"line":178,"column":22},"end":{"line":178,"column":33}}]},"12":{"line":212,"type":"if","locations":[{"start":{"line":212,"column":2},"end":{"line":212,"column":2}},{"start":{"line":212,"column":2},"end":{"line":212,"column":2}}]},"13":{"line":217,"type":"binary-expr","locations":[{"start":{"line":217,"column":16},"end":{"line":217,"column":32}},{"start":{"line":217,"column":36},"end":{"line":217,"column":59}}]},"14":{"line":218,"type":"if","locations":[{"start":{"line":218,"column":2},"end":{"line":218,"column":2}},{"start":{"line":218,"column":2},"end":{"line":218,"column":2}}]}},"code":["","/**"," * Module exports."," */","","module.exports = exports = gyp","","/**"," * Module dependencies."," */","","var fs = require('graceful-fs')","  , path = require('path')","  , nopt = require('nopt')","  , log = require('npmlog')","  , child_process = require('child_process')","  , EE = require('events').EventEmitter","  , inherits = require('util').inherits","  , commands = [","      // Module build commands","        'build'","      , 'clean'","      , 'configure'","      , 'rebuild'","      // Development Header File management commands","      , 'install'","      , 'list'","      , 'remove'","    ]","  , aliases = {","        'ls': 'list'","      , 'rm': 'remove'","    }","","// differentiate node-gyp's logs from npm's","log.heading = 'gyp'","","/**"," * The `gyp` function."," */","","function gyp () {","  return new Gyp()","}","","function Gyp () {","  var self = this","","  this.commands = {}","","  commands.forEach(function (command) {","    self.commands[command] = function (argv, callback) {","      log.verbose('command', command, argv)","      return require('./' + command)(self, argv, callback)","    }","  })","}","inherits(Gyp, EE)","exports.Gyp = Gyp","var proto = Gyp.prototype","","/**"," * Export the contents of the package.json."," */","","proto.package = require('../package')","","/**"," * nopt configuration definitions"," */","","proto.configDefs = {","    help: Boolean     // everywhere","  , devdir: String    // everywhere","  , arch: String      // 'configure'","  , cafile: String    // 'install'","  , debug: Boolean    // 'build'","  , directory: String // bin","  , make: String      // 'build'","  , msvs_version: String // 'configure'","  , ensure: Boolean   // 'install'","  , solution: String  // 'build' (windows only)","  , proxy: String     // 'install'","  , nodedir: String   // 'configure'","  , loglevel: String  // everywhere","  , python: String    // 'configure'","  , 'dist-url': String // 'install'","  , 'tarball': String // 'install'","  , jobs: String      // 'build'","  , thin: String      // 'configure'","}","","/**"," * nopt shorthands"," */","","proto.shorthands = {","    release: '--no-debug'","  , C: '--directory'","  , debug: '--debug'","  , j: '--jobs'","  , silly: '--loglevel=silly'","  , verbose: '--loglevel=verbose'","  , silent: '--loglevel=silent'","}","","/**"," * expose the command aliases for the bin file to use."," */","","proto.aliases = aliases","","/**"," * Parses the given argv array and sets the 'opts',"," * 'argv' and 'command' properties."," */","","proto.parseArgv = function parseOpts (argv) {","  this.opts = nopt(this.configDefs, this.shorthands, argv)","  this.argv = this.opts.argv.remain.slice()","","  var commands = this.todo = []","","  // create a copy of the argv array with aliases mapped","  argv = this.argv.map(function (arg) {","    // is this an alias?","    if (arg in this.aliases) {","      arg = this.aliases[arg]","    }","    return arg","  }, this)","","  // process the mapped args into \"command\" objects (\"name\" and \"args\" props)","  argv.slice().forEach(function (arg) {","    if (arg in this.commands) {","      var args = argv.splice(0, argv.indexOf(arg))","      argv.shift()","      if (commands.length > 0) {","        commands[commands.length - 1].args = args","      }","      commands.push({ name: arg, args: [] })","    }","  }, this)","  if (commands.length > 0) {","    commands[commands.length - 1].args = argv.splice(0)","  }","","  // support for inheriting config env variables from npm","  var npm_config_prefix = 'npm_config_'","  Object.keys(process.env).forEach(function (name) {","    if (name.indexOf(npm_config_prefix) !== 0) return","    var val = process.env[name]","    if (name === npm_config_prefix + 'loglevel') {","      log.level = val","    } else {","      // add the user-defined options to the config","      name = name.substring(npm_config_prefix.length)","      // gyp@741b7f1 enters an infinite loop when it encounters","      // zero-length options so ensure those don't get through.","      if (name) this.opts[name] = val","    }","  }, this)","","  if (this.opts.loglevel) {","    log.level = this.opts.loglevel","  }","  log.resume()","","  this.setupDevDir()","}","","/**"," * Spawns a child process and emits a 'spawn' event."," */","","proto.spawn = function spawn (command, args, opts) {","  if (!opts) opts = {}","  if (!opts.silent && !opts.stdio) {","    opts.stdio = [ 0, 1, 2 ]","  }","  var cp = child_process.spawn(command, args, opts)","  log.info('spawn', command)","  log.info('spawn args', args)","  return cp","}","","/**"," * Returns the usage instructions for nw-gyp."," */","","proto.usage = function usage () {","  var str = [","      ''","    , '  Usage: nw-gyp <command> [options]'","    , ''","    , '  where <command> is one of:'","    , commands.map(function (c) {","        return '    - ' + c + ' - ' + require('./' + c).usage","      }).join('\\n')","    , ''","    , 'nw-gyp@' + this.version + '  ' + path.resolve(__dirname, '..')","    , 'node@' + process.versions.node","  ].join('\\n')","  return str","}","","/**"," * Setup devdir attribute"," * By default devdir is set to `$HOME/.nw-gyp` unless passed with `--devdir`."," */","proto.setupDevDir = function() {","  if (this.opts.devdir) {","    this.devDir = this.opts.devdir","    return","  }","","  var homeDir = process.env.HOME || process.env.USERPROFILE","  if (!homeDir) {","    throw new Error(","      \"nw-gyp requires --devdir parameter or the user's home directory is \" +","      \"specified in either of the environmental variables HOME or USERPROFILE\"","    )","  }","  this.devDir = path.resolve(homeDir, '.nw-gyp')","}","","/**"," * Version number getter."," */","","Object.defineProperty(proto, 'version', {","    get: function () {","      return this.package.version","    }","  , enumerable: true","})","",""],"l":{"6":2,"12":2,"36":0,"42":1,"43":0,"46":1,"47":0,"49":0,"51":0,"52":0,"53":0,"54":0,"58":0,"59":0,"60":0,"66":0,"72":0,"97":0,"111":0,"118":0,"119":0,"120":0,"122":0,"125":0,"127":0,"128":0,"130":0,"134":0,"135":0,"136":0,"137":0,"138":0,"139":0,"141":0,"144":0,"145":0,"149":0,"150":0,"151":0,"152":0,"153":0,"154":0,"157":0,"160":0,"164":0,"165":0,"167":0,"169":0,"176":0,"177":0,"178":0,"179":0,"181":0,"182":0,"183":0,"184":0,"191":0,"192":0,"198":0,"204":0,"211":0,"212":0,"213":0,"214":0,"217":0,"218":0,"219":0,"224":0,"231":0,"233":0}},"/home/travis/build/npmtest/node-npmtest-nw-gyp/node_modules/nw-gyp/lib/clean.js":{"path":"/home/travis/build/npmtest/node-npmtest-nw-gyp/node_modules/nw-gyp/lib/clean.js","s":{"1":2,"2":2,"3":2,"4":2,"5":1,"6":0,"7":0,"8":0},"b":{},"f":{"1":0},"fnMap":{"1":{"name":"clean","line":14,"loc":{"start":{"line":14,"column":0},"end":{"line":14,"column":37}}}},"statementMap":{"1":{"start":{"line":2,"column":0},"end":{"line":2,"column":32}},"2":{"start":{"line":4,"column":0},"end":{"line":4,"column":69}},"3":{"start":{"line":10,"column":0},"end":{"line":10,"column":26}},"4":{"start":{"line":11,"column":0},"end":{"line":11,"column":27}},"5":{"start":{"line":14,"column":0},"end":{"line":22,"column":1}},"6":{"start":{"line":17,"column":2},"end":{"line":17,"column":24}},"7":{"start":{"line":19,"column":2},"end":{"line":19,"column":59}},"8":{"start":{"line":20,"column":2},"end":{"line":20,"column":24}}},"branchMap":{},"code":["","module.exports = exports = clean","","exports.usage = 'Removes any generated build files and the \"out\" dir'","","/**"," * Module dependencies."," */","","var rm = require('rimraf')","var log = require('npmlog')","","","function clean (gyp, argv, callback) {","","  // Remove the 'build' dir","  var buildDir = 'build'","","  log.verbose('clean', 'removing \"%s\" directory', buildDir)","  rm(buildDir, callback)","","}",""],"l":{"2":2,"4":2,"10":2,"11":2,"14":1,"17":0,"19":0,"20":0}},"/home/travis/build/npmtest/node-npmtest-nw-gyp/node_modules/nw-gyp/lib/configure.js":{"path":"/home/travis/build/npmtest/node-npmtest-nw-gyp/node_modules/nw-gyp/lib/configure.js","s":{"1":2,"2":2,"3":2,"4":0,"5":1,"6":0,"7":0,"8":0,"9":0,"10":0,"11":0,"12":1,"13":0,"14":0,"15":0,"16":0,"17":0,"18":0,"19":0,"20":0,"21":0,"22":0,"23":0,"24":0,"25":0,"26":0,"27":0,"28":0,"29":0,"30":1,"31":0,"32":0,"33":0,"34":0,"35":0,"36":0,"37":1,"38":0,"39":0,"40":0,"41":0,"42":0,"43":0,"44":0,"45":0,"46":0,"47":0,"48":0,"49":0,"50":0,"51":0,"52":0,"53":0,"54":0,"55":0,"56":0,"57":0,"58":0,"59":0,"60":0,"61":0,"62":0,"63":0,"64":0,"65":0,"66":0,"67":0,"68":0,"69":0,"70":0,"71":0,"72":0,"73":1,"74":0,"75":0,"76":0,"77":0,"78":0,"79":0,"80":0,"81":0,"82":1,"83":0,"84":0,"85":0,"86":0,"87":0,"88":0,"89":0,"90":0,"91":0,"92":0,"93":0,"94":0,"95":0,"96":0,"97":0,"98":1,"99":0,"100":0,"101":0,"102":0,"103":0,"104":0,"105":0,"106":0,"107":1,"108":0,"109":0,"110":0,"111":0,"112":0,"113":0,"114":0,"115":0,"116":0,"117":0,"118":0,"119":0,"120":0,"121":0,"122":0,"123":0,"124":0,"125":0,"126":0,"127":0,"128":0,"129":0,"130":0,"131":0,"132":0,"133":0,"134":0,"135":0,"136":0,"137":0,"138":0,"139":0,"140":0,"141":0,"142":0,"143":0,"144":0,"145":0,"146":0,"147":0,"148":0,"149":0,"150":0,"151":0,"152":0,"153":0,"154":0,"155":0,"156":0,"157":0,"158":0,"159":0,"160":0,"161":1,"162":0,"163":0,"164":0,"165":1,"166":0,"167":0,"168":0,"169":0,"170":0,"171":0,"172":0,"173":0,"174":0,"175":0,"176":1,"177":0,"178":1,"179":0,"180":0,"181":0,"182":0,"183":0,"184":0,"185":0,"186":0,"187":0,"188":0,"189":0,"190":0,"191":0,"192":1,"193":0,"194":0,"195":0,"196":0,"197":0,"198":0,"199":0,"200":0,"201":0,"202":0,"203":0,"204":1,"205":0,"206":0,"207":0,"208":0,"209":0,"210":0,"211":0,"212":0,"213":0,"214":0,"215":0,"216":0,"217":0,"218":0,"219":1,"220":0,"221":0,"222":0,"223":0,"224":0,"225":0,"226":0,"227":0,"228":0,"229":0,"230":0,"231":0,"232":0,"233":0,"234":0,"235":0,"236":0,"237":0,"238":0,"239":0,"240":0,"241":1,"242":0,"243":1,"244":0},"b":{"1":[0,0],"2":[0,0,0],"3":[0,0],"4":[0,0],"5":[0,0],"6":[0,0],"7":[0,0],"8":[0,0],"9":[0,0],"10":[0,0],"11":[0,0],"12":[0,0],"13":[0,0],"14":[0,0],"15":[0,0],"16":[0,0],"17":[0,0,0],"18":[0,0],"19":[0,0,0],"20":[0,0],"21":[0,0],"22":[0,0],"23":[0,0],"24":[0,0],"25":[0,0],"26":[0,0],"27":[0,0],"28":[0,0],"29":[0,0],"30":[0,0],"31":[0,0],"32":[0,0],"33":[0,0],"34":[0,0],"35":[0,0],"36":[0,0],"37":[0,0],"38":[0,0],"39":[0,0],"40":[0,0],"41":[0,0],"42":[0,0],"43":[0,0],"44":[0,0],"45":[0,0],"46":[0,0],"47":[0,0],"48":[0,0],"49":[0,0],"50":[0,0],"51":[0,0],"52":[0,0],"53":[0,0],"54":[0,0],"55":[0,0],"56":[0,0]},"f":{"1":0,"2":0,"3":0,"4":0,"5":0,"6":0,"7":0,"8":0,"9":0,"10":0,"11":0,"12":0,"13":0,"14":0,"15":0,"16":0,"17":0,"18":0,"19":0,"20":0,"21":0,"22":0,"23":0,"24":0,"25":0,"26":0,"27":0,"28":0,"29":0},"fnMap":{"1":{"name":"configure","line":28,"loc":{"start":{"line":28,"column":0},"end":{"line":28,"column":41}}},"2":{"name":"(anonymous_2)","line":38,"loc":{"start":{"line":38,"column":21},"end":{"line":38,"column":43}}},"3":{"name":"getNodeDir","line":47,"loc":{"start":{"line":47,"column":2},"end":{"line":47,"column":25}}},"4":{"name":"(anonymous_4)","line":76,"loc":{"start":{"line":76,"column":48},"end":{"line":76,"column":72}}},"5":{"name":"createBuildDir","line":85,"loc":{"start":{"line":85,"column":2},"end":{"line":85,"column":29}}},"6":{"name":"(anonymous_6)","line":87,"loc":{"start":{"line":87,"column":21},"end":{"line":87,"column":43}}},"7":{"name":"createConfigFile","line":94,"loc":{"start":{"line":94,"column":2},"end":{"line":94,"column":34}}},"8":{"name":"(anonymous_8)","line":157,"loc":{"start":{"line":157,"column":34},"end":{"line":157,"column":49}}},"9":{"name":"boolsToString","line":164,"loc":{"start":{"line":164,"column":4},"end":{"line":164,"column":34}}},"10":{"name":"findConfigs","line":180,"loc":{"start":{"line":180,"column":2},"end":{"line":180,"column":29}}},"11":{"name":"(anonymous_11)","line":186,"loc":{"start":{"line":186,"column":22},"end":{"line":186,"column":43}}},"12":{"name":"runGyp","line":201,"loc":{"start":{"line":201,"column":2},"end":{"line":201,"column":24}}},"13":{"name":"hasMsvsVersion","line":216,"loc":{"start":{"line":216,"column":4},"end":{"line":216,"column":31}}},"14":{"name":"(anonymous_14)","line":217,"loc":{"start":{"line":217,"column":23},"end":{"line":217,"column":38}}},"15":{"name":"(anonymous_15)","line":231,"loc":{"start":{"line":231,"column":20},"end":{"line":231,"column":38}}},"16":{"name":"(anonymous_16)","line":266,"loc":{"start":{"line":266,"column":25},"end":{"line":266,"column":46}}},"17":{"name":"onCpExit","line":322,"loc":{"start":{"line":322,"column":2},"end":{"line":322,"column":35}}},"18":{"name":"findAccessibleSync","line":338,"loc":{"start":{"line":338,"column":0},"end":{"line":338,"column":57}}},"19":{"name":"findPython","line":356,"loc":{"start":{"line":356,"column":0},"end":{"line":356,"column":39}}},"20":{"name":"checkPython","line":360,"loc":{"start":{"line":360,"column":2},"end":{"line":360,"column":26}}},"21":{"name":"(anonymous_21)","line":362,"loc":{"start":{"line":362,"column":18},"end":{"line":362,"column":43}}},"22":{"name":"checkPythonLauncher","line":393,"loc":{"start":{"line":393,"column":2},"end":{"line":393,"column":34}}},"23":{"name":"(anonymous_23)","line":399,"loc":{"start":{"line":399,"column":51},"end":{"line":399,"column":74}}},"24":{"name":"guessPython","line":412,"loc":{"start":{"line":412,"column":2},"end":{"line":412,"column":26}}},"25":{"name":"(anonymous_25)","line":420,"loc":{"start":{"line":420,"column":24},"end":{"line":420,"column":45}}},"26":{"name":"checkPythonVersion","line":434,"loc":{"start":{"line":434,"column":2},"end":{"line":434,"column":33}}},"27":{"name":"(anonymous_27)","line":438,"loc":{"start":{"line":438,"column":97},"end":{"line":438,"column":120}}},"28":{"name":"failNoPython","line":467,"loc":{"start":{"line":467,"column":2},"end":{"line":467,"column":27}}},"29":{"name":"failPythonVersion","line":472,"loc":{"start":{"line":472,"column":2},"end":{"line":472,"column":42}}}},"statementMap":{"1":{"start":{"line":1,"column":0},"end":{"line":1,"column":36}},"2":{"start":{"line":2,"column":0},"end":{"line":3,"column":26}},"3":{"start":{"line":9,"column":0},"end":{"line":24,"column":38}},"4":{"start":{"line":26,"column":0},"end":{"line":26,"column":102}},"5":{"start":{"line":28,"column":0},"end":{"line":331,"column":1}},"6":{"start":{"line":30,"column":2},"end":{"line":36,"column":19}},"7":{"start":{"line":38,"column":2},"end":{"line":45,"column":4}},"8":{"start":{"line":39,"column":4},"end":{"line":44,"column":5}},"9":{"start":{"line":40,"column":6},"end":{"line":40,"column":19}},"10":{"start":{"line":42,"column":6},"end":{"line":42,"column":20}},"11":{"start":{"line":43,"column":6},"end":{"line":43,"column":18}},"12":{"start":{"line":47,"column":2},"end":{"line":83,"column":3}},"13":{"start":{"line":50,"column":4},"end":{"line":50,"column":31}},"14":{"start":{"line":52,"column":4},"end":{"line":82,"column":5}},"15":{"start":{"line":54,"column":6},"end":{"line":54,"column":60}},"16":{"start":{"line":56,"column":6},"end":{"line":56,"column":97}},"17":{"start":{"line":57,"column":6},"end":{"line":57,"column":22}},"18":{"start":{"line":61,"column":6},"end":{"line":67,"column":7}},"19":{"start":{"line":63,"column":8},"end":{"line":63,"column":99}},"20":{"start":{"line":66,"column":8},"end":{"line":66,"column":124}},"21":{"start":{"line":69,"column":6},"end":{"line":72,"column":7}},"22":{"start":{"line":71,"column":8},"end":{"line":71,"column":80}},"23":{"start":{"line":75,"column":6},"end":{"line":75,"column":28}},"24":{"start":{"line":76,"column":6},"end":{"line":81,"column":8}},"25":{"start":{"line":77,"column":8},"end":{"line":77,"column":37}},"26":{"start":{"line":77,"column":17},"end":{"line":77,"column":37}},"27":{"start":{"line":78,"column":8},"end":{"line":78,"column":89}},"28":{"start":{"line":79,"column":8},"end":{"line":79,"column":62}},"29":{"start":{"line":80,"column":8},"end":{"line":80,"column":24}},"30":{"start":{"line":85,"column":2},"end":{"line":92,"column":3}},"31":{"start":{"line":86,"column":4},"end":{"line":86,"column":78}},"32":{"start":{"line":87,"column":4},"end":{"line":91,"column":6}},"33":{"start":{"line":88,"column":6},"end":{"line":88,"column":35}},"34":{"start":{"line":88,"column":15},"end":{"line":88,"column":35}},"35":{"start":{"line":89,"column":6},"end":{"line":89,"column":74}},"36":{"start":{"line":90,"column":6},"end":{"line":90,"column":24}},"37":{"start":{"line":94,"column":2},"end":{"line":178,"column":3}},"38":{"start":{"line":95,"column":4},"end":{"line":95,"column":33}},"39":{"start":{"line":95,"column":13},"end":{"line":95,"column":33}},"40":{"start":{"line":97,"column":4},"end":{"line":97,"column":38}},"41":{"start":{"line":98,"column":4},"end":{"line":98,"column":59}},"42":{"start":{"line":100,"column":4},"end":{"line":100,"column":66}},"43":{"start":{"line":102,"column":4},"end":{"line":104,"column":36}},"44":{"start":{"line":107,"column":4},"end":{"line":107,"column":53}},"45":{"start":{"line":107,"column":20},"end":{"line":107,"column":53}},"46":{"start":{"line":110,"column":4},"end":{"line":110,"column":57}},"47":{"start":{"line":110,"column":19},"end":{"line":110,"column":57}},"48":{"start":{"line":116,"column":4},"end":{"line":116,"column":24}},"49":{"start":{"line":117,"column":4},"end":{"line":117,"column":25}},"50":{"start":{"line":118,"column":4},"end":{"line":118,"column":30}},"51":{"start":{"line":119,"column":4},"end":{"line":119,"column":27}},"52":{"start":{"line":122,"column":4},"end":{"line":124,"column":5}},"53":{"start":{"line":123,"column":6},"end":{"line":123,"column":75}},"54":{"start":{"line":125,"column":4},"end":{"line":127,"column":5}},"55":{"start":{"line":126,"column":6},"end":{"line":126,"column":48}},"56":{"start":{"line":130,"column":4},"end":{"line":130,"column":59}},"57":{"start":{"line":131,"column":4},"end":{"line":131,"column":55}},"58":{"start":{"line":133,"column":4},"end":{"line":136,"column":69}},"59":{"start":{"line":134,"column":6},"end":{"line":134,"column":53}},"60":{"start":{"line":136,"column":6},"end":{"line":136,"column":69}},"61":{"start":{"line":138,"column":4},"end":{"line":142,"column":5}},"62":{"start":{"line":139,"column":6},"end":{"line":141,"column":7}},"63":{"start":{"line":140,"column":8},"end":{"line":140,"column":75}},"64":{"start":{"line":145,"column":4},"end":{"line":145,"column":31}},"65":{"start":{"line":148,"column":4},"end":{"line":148,"column":46}},"66":{"start":{"line":151,"column":4},"end":{"line":151,"column":63}},"67":{"start":{"line":157,"column":4},"end":{"line":161,"column":6}},"68":{"start":{"line":158,"column":6},"end":{"line":158,"column":32}},"69":{"start":{"line":158,"column":26},"end":{"line":158,"column":32}},"70":{"start":{"line":159,"column":6},"end":{"line":159,"column":39}},"71":{"start":{"line":159,"column":33},"end":{"line":159,"column":39}},"72":{"start":{"line":160,"column":6},"end":{"line":160,"column":55}},"73":{"start":{"line":164,"column":4},"end":{"line":168,"column":5}},"74":{"start":{"line":165,"column":6},"end":{"line":166,"column":24}},"75":{"start":{"line":166,"column":8},"end":{"line":166,"column":24}},"76":{"start":{"line":167,"column":6},"end":{"line":167,"column":14}},"77":{"start":{"line":170,"column":4},"end":{"line":170,"column":48}},"78":{"start":{"line":173,"column":4},"end":{"line":174,"column":55}},"79":{"start":{"line":175,"column":4},"end":{"line":175,"column":85}},"80":{"start":{"line":176,"column":4},"end":{"line":176,"column":28}},"81":{"start":{"line":177,"column":4},"end":{"line":177,"column":72}},"82":{"start":{"line":180,"column":2},"end":{"line":199,"column":3}},"83":{"start":{"line":181,"column":4},"end":{"line":181,"column":33}},"84":{"start":{"line":181,"column":13},"end":{"line":181,"column":33}},"85":{"start":{"line":182,"column":4},"end":{"line":182,"column":34}},"86":{"start":{"line":183,"column":4},"end":{"line":183,"column":30}},"87":{"start":{"line":183,"column":15},"end":{"line":183,"column":30}},"88":{"start":{"line":184,"column":4},"end":{"line":184,"column":37}},"89":{"start":{"line":185,"column":4},"end":{"line":185,"column":61}},"90":{"start":{"line":186,"column":4},"end":{"line":198,"col
[...]
":{"start":{"line":56,"column":4},"end":{"line":74,"column":5}},"17":{"start":{"line":57,"column":6},"end":{"line":64,"column":7}},"18":{"start":{"line":58,"column":8},"end":{"line":58,"column":53}},"19":{"start":{"line":59,"column":13},"end":{"line":64,"column":7}},"20":{"start":{"line":60,"column":8},"end":{"line":60,"column":57}},"21":{"start":{"line":61,"column":8},"end":{"line":63,"column":41}},"22":{"start":{"line":66,"column":6},"end":{"line":73,"column":7}},"23":{"start":{"line":67,"column":8},"end":{"line":67,"column":55}},"24":{"start":{"line":68,"column":13},"end":{"line":73,"column":7}},"25":{"start":{"line":69,"column":8},"end":{"line":69,"column":59}},"26":{"start":{"line":70,"column":8},"end":{"line":72,"column":43}},"27":{"start":{"line":78,"column":2},"end":{"line":81,"column":90}},"28":{"start":{"line":79,"column":4},"end":{"line":79,"column":53}},"29":{"start":{"line":81,"column":4},"end":{"line":81,"column":90}},"30":{"start":{"line":82,"column":2},"end":{"line":82,"column":37}},"31":{"start":{"line":85,"column":2},"end":{"line":103,"column":3}},"32":{"start":{"line":86,"column":4},"end":{"line":86,"column":58}},"33":{"start":{"line":87,"column":4},"end":{"line":87,"column":111}},"34":{"start":{"line":88,"column":4},"end":{"line":88,"column":111}},"35":{"start":{"line":90,"column":4},"end":{"line":102,"column":5}},"36":{"start":{"line":109,"column":2},"end":{"line":109,"column":23}},"37":{"start":{"line":110,"column":2},"end":{"line":110,"column":69}},"38":{"start":{"line":111,"column":2},"end":{"line":111,"column":69}},"39":{"start":{"line":115,"column":2},"end":{"line":115,"column":70}},"40":{"start":{"line":116,"column":2},"end":{"line":116,"column":106}},"41":{"start":{"line":118,"column":2},"end":{"line":130,"column":3}},"42":{"start":{"line":133,"column":0},"end":{"line":135,"column":1}},"43":{"start":{"line":134,"column":2},"end":{"line":134,"column":46}},"44":{"start":{"line":137,"column":0},"end":{"line":151,"column":1}},"45":{"start":{"line":138,"column":2},"end":{"line":139,"column":94}},"46":{"start":{"line":141,"column":2},"end":{"line":147,"column":3}},"47":{"start":{"line":143,"column":4},"end":{"line":144,"column":67}},"48":{"start":{"line":144,"column":6},"end":{"line":144,"column":67}},"49":{"start":{"line":146,"column":4},"end":{"line":146,"column":76}},"50":{"start":{"line":150,"column":2},"end":{"line":150,"column":89}},"51":{"start":{"line":153,"column":0},"end":{"line":153,"column":31}}},"branchMap":{"1":{"line":16,"type":"binary-expr","locations":[{"start":{"line":16,"column":17},"end":{"line":16,"column":38}},{"start":{"line":16,"column":42},"end":{"line":16,"column":49}},{"start":{"line":16,"column":54},"end":{"line":16,"column":69}},{"start":{"line":16,"column":73},"end":{"line":16,"column":87}}]},"2":{"line":18,"type":"binary-expr","locations":[{"start":{"line":18,"column":24},"end":{"line":18,"column":44}},{"start":{"line":18,"column":48},"end":{"line":18,"column":64}}]},"3":{"line":29,"type":"if","locations":[{"start":{"line":29,"column":2},"end":{"line":29,"column":2}},{"start":{"line":29,"column":2},"end":{"line":29,"column":2}}]},"4":{"line":40,"type":"if","locations":[{"start":{"line":40,"column":2},"end":{"line":40,"column":2}},{"start":{"line":40,"column":2},"end":{"line":40,"column":2}}]},"5":{"line":43,"type":"if","locations":[{"start":{"line":43,"column":2},"end":{"line":43,"column":2}},{"start":{"line":43,"column":2},"end":{"line":43,"column":2}}]},"6":{"line":50,"type":"binary-expr","locations":[{"start":{"line":50,"column":13},"end":{"line":50,"column":37}},{"start":{"line":50,"column":41},"end":{"line":50,"column":64}}]},"7":{"line":51,"type":"cond-expr","locations":[{"start":{"line":51,"column":20},"end":{"line":51,"column":26}},{"start":{"line":51,"column":29},"end":{"line":51,"column":35}}]},"8":{"line":55,"type":"if","locations":[{"start":{"line":55,"column":2},"end":{"line":55,"column":2}},{"start":{"line":55,"column":2},"end":{"line":55,"column":2}}]},"9":{"line":56,"type":"if","locations":[{"start":{"line":56,"column":4},"end":{"line":56,"column":4}},{"start":{"line":56,"column":4},"end":{"line":56,"column":4}}]},"10":{"line":57,"type":"if","locations":[{"start":{"line":57,"column":6},"end":{"line":57,"column":6}},{"start":{"line":57,"column":6},"end":{"line":57,"column":6}}]},"11":{"line":59,"type":"if","locations":[{"start":{"line":59,"column":13},"end":{"line":59,"column":13}},{"start":{"line":59,"column":13},"end":{"line":59,"column":13}}]},"12":{"line":66,"type":"if","locations":[{"start":{"line":66,"column":6},"end":{"line":66,"column":6}},{"start":{"line":66,"column":6},"end":{"line":66,"column":6}}]},"13":{"line":68,"type":"if","locations":[{"start":{"line":68,"column":13},"end":{"line":68,"column":13}},{"start":{"line":68,"column":13},"end":{"line":68,"column":13}}]},"14":{"line":78,"type":"if","locations":[{"start":{"line":78,"column":2},"end":{"line":78,"column":2}},{"start":{"line":78,"column":2},"end":{"line":78,"column":2}}]},"15":{"line":81,"type":"cond-expr","locations":[{"start":{"line":81,"column":27},"end":{"line":81,"column":62}},{"start":{"line":81,"column":65},"end":{"line":81,"column":90}}]},"16":{"line":85,"type":"if","locations":[{"start":{"line":85,"column":2},"end":{"line":85,"column":2}},{"start":{"line":85,"column":2},"end":{"line":85,"column":2}}]},"17":{"line":85,"type":"binary-expr","locations":[{"start":{"line":85,"column":6},"end":{"line":85,"column":20}},{"start":{"line":85,"column":24},"end":{"line":85,"column":49}},{"start":{"line":85,"column":53},"end":{"line":85,"column":69}}]},"18":{"line":87,"type":"binary-expr","locations":[{"start":{"line":87,"column":35},"end":{"line":87,"column":56}},{"start":{"line":87,"column":60},"end":{"line":87,"column":67}},{"start":{"line":87,"column":71},"end":{"line":87,"column":82}}]},"19":{"line":88,"type":"binary-expr","locations":[{"start":{"line":88,"column":35},"end":{"line":88,"column":56}},{"start":{"line":88,"column":60},"end":{"line":88,"column":67}},{"start":{"line":88,"column":71},"end":{"line":88,"column":82}}]},"20":{"line":97,"type":"cond-expr","locations":[{"start":{"line":97,"column":37},"end":{"line":97,"column":47}},{"start":{"line":97,"column":50},"end":{"line":97,"column":52}}]},"21":{"line":116,"type":"cond-expr","locations":[{"start":{"line":116,"column":77},"end":{"line":116,"column":87}},{"start":{"line":116,"column":90},"end":{"line":116,"column":92}}]},"22":{"line":125,"type":"cond-expr","locations":[{"start":{"line":125,"column":35},"end":{"line":125,"column":45}},{"start":{"line":125,"column":48},"end":{"line":125,"column":50}}]},"23":{"line":139,"type":"binary-expr","locations":[{"start":{"line":139,"column":18},"end":{"line":139,"column":41}},{"start":{"line":139,"column":46},"end":{"line":139,"column":64}},{"start":{"line":139,"column":68},"end":{"line":139,"column":93}}]},"24":{"line":141,"type":"if","locations":[{"start":{"line":141,"column":2},"end":{"line":141,"column":2}},{"start":{"line":141,"column":2},"end":{"line":141,"column":2}}]},"25":{"line":143,"type":"if","locations":[{"start":{"line":143,"column":4},"end":{"line":143,"column":4}},{"start":{"line":143,"column":4},"end":{"line":143,"column":4}}]},"26":{"line":146,"type":"cond-expr","locations":[{"start":{"line":146,"column":47},"end":{"line":146,"column":53}},{"start":{"line":146,"column":56},"end":{"line":146,"column":58}}]},"27":{"line":150,"type":"cond-expr","locations":[{"start":{"line":150,"column":49},"end":{"line":150,"column":57}},{"start":{"line":150,"column":60},"end":{"line":150,"column":66}}]}},"code":["var semver = require('semver')","  , url = require('url')","  , path = require('path')","  , log = require('npmlog')","","    // versions where -headers.tar.gz started shipping","  , headersTarballRange = '>= 3.0.0 || ~0.12.10 || ~0.10.42'","  , bitsre = /\\/win-(x86|x64)\\//","  , bitsreV3 = /\\/win-(x86|ia32|x64)\\// // io.js v3.x.x shipped with \"ia32\" but should","                                        // have been \"x86\"","","// Captures all the logic required to determine download URLs, local directory and ","// file names. Inputs come from command-line switches (--target, --dist-url),","// `process.version` and `process.release` where it exists.","function processRelease (argv, gyp, defaultVersion, defaultRelease) {","  var version = (semver.valid(argv[0]) && argv[0]) || gyp.opts.target || defaultVersion","    , versionSemver = semver.parse(version)","    , overrideDistUrl = gyp.opts['dist-url'] || gyp.opts.disturl","    , isDefaultVersion","    , isIojs","    , name","    , distBaseUrl","    , baseUrl","    , libUrl32","    , libUrl64","    , tarballUrl","    , canGetHeaders","","  if (!versionSemver) {","    // not a valid semver string, nothing we can do","    return { version: version }","  }","  // flatten version into String","  version = versionSemver.version","","  // defaultVersion should come from process.version so ought to be valid semver","  isDefaultVersion = version === semver.parse(defaultVersion).version","","  // can't use process.release if we're using --target=x.y.z","  if (!isDefaultVersion)","    defaultRelease = null","","  if (defaultRelease) {","    // v3 onward, has process.release","    name = defaultRelease.name.replace(/io\\.js/, 'iojs') // remove the '.' for directory naming purposes","    isIojs = name === 'iojs'","  } else {","    // old node or alternative --target=","    // semver.satisfies() doesn't like prerelease tags so test major directly","    isIojs = versionSemver.major >= 1 && versionSemver.major < 4","    name = isIojs ? 'iojs' : 'node'","  }","","  // check for the nvm.sh standard mirror env variables","  if (!overrideDistUrl) {","    if (isIojs) {","      if (process.env.IOJS_ORG_MIRROR) {","        overrideDistUrl = process.env.IOJS_ORG_MIRROR","      } else if (process.env.NVM_IOJS_ORG_MIRROR) {// remove on next semver-major","        overrideDistUrl = process.env.NVM_IOJS_ORG_MIRROR","        log.warn('download',","            'NVM_IOJS_ORG_MIRROR is deprecated and will be removed in node-gyp v4, ' +","            'please use IOJS_ORG_MIRROR')","      }","    } else {","      if (process.env.NODEJS_ORG_MIRROR) {","        overrideDistUrl = process.env.NODEJS_ORG_MIRROR","      } else if (process.env.NVM_NODEJS_ORG_MIRROR) {// remove on next semver-major","        overrideDistUrl = process.env.NVM_NODEJS_ORG_MIRROR","        log.warn('download',","            'NVM_NODEJS_ORG_MIRROR is deprecated and will be removed in node-gyp v4, ' +","            'please use NODEJS_ORG_MIRROR')","      }","    }","  }","","","  if (overrideDistUrl)","    distBaseUrl = overrideDistUrl.replace(/\\/+$/, '')","  else","    distBaseUrl = isIojs ? 'https://iojs.org/download/release' : 'https://nodejs.org/dist'","  distBaseUrl += '/v' + version + '/'","","  // new style, based on process.release so we have a lot of the data we need","  if (defaultRelease && defaultRelease.headersUrl && !overrideDistUrl) {","    baseUrl = url.resolve(defaultRelease.headersUrl, './')","    libUrl32 = resolveLibUrl(name, defaultRelease.libUrl || baseUrl || distBaseUrl, 'x86', versionSemver.major)","    libUrl64 = resolveLibUrl(name, defaultRelease.libUrl || baseUrl || distBaseUrl, 'x64', versionSemver.major)","","    return {","      version: version,","      semver: versionSemver,","      name: name,","      baseUrl: baseUrl,","      tarballUrl: defaultRelease.headersUrl,","      shasumsUrl: url.resolve(baseUrl, 'SHASUMS256.txt'),","      versionDir: (name !== 'node' ? name + '-' : '') + version,","      libUrl32: libUrl32,","      libUrl64: libUrl64,","      libPath32: normalizePath(path.relative(url.parse(baseUrl).path, url.parse(libUrl32).path)),","      libPath64: normalizePath(path.relative(url.parse(baseUrl).path, url.parse(libUrl64).path))","    }","  }","","  // older versions without process.release are captured here and we have to make","  // a lot of assumptions, additionally if you --target=x.y.z then we can't use the","  // current process.release","","  baseUrl = distBaseUrl","  libUrl32 = resolveLibUrl(name, baseUrl, 'x86', versionSemver.major)","  libUrl64 = resolveLibUrl(name, baseUrl, 'x64', versionSemver.major)","  // making the bold assumption that anything with a version number >3.0.0 will","  // have a *-headers.tar.gz file in its dist location, even some frankenstein","  // custom version","  canGetHeaders = semver.satisfies(versionSemver, headersTarballRange)","  tarballUrl = url.resolve(baseUrl, name + '-v' + version + (canGetHeaders ? '-headers' : '') + '.tar.gz')","","  return {","    version: version,","    semver: versionSemver,","    name: name,","    baseUrl: baseUrl,","    tarballUrl: tarballUrl,","    shasumsUrl: url.resolve(baseUrl, 'SHASUMS256.txt'),","    versionDir: (name !== 'node' ? name + '-' : '') + version,","    libUrl32: libUrl32,","    libUrl64: libUrl64,","    libPath32: normalizePath(path.relative(url.parse(baseUrl).path, url.parse(libUrl32).path)),","    libPath64: normalizePath(path.relative(url.parse(baseUrl).path, url.parse(libUrl64).path))","  }","}","","function normalizePath (p) {","  return path.normalize(p).replace(/\\\\/g, '/')","}","","function resolveLibUrl (name, defaultUrl, arch, versionMajor) {","  var base = url.resolve(defaultUrl, './')","    , hasLibUrl = bitsre.test(defaultUrl) || (versionMajor === 3 && bitsreV3.test(defaultUrl))","","  if (!hasLibUrl) {","    // let's assume it's a baseUrl then","    if (versionMajor >= 1)","      return url.resolve(base, 'win-' + arch  +'/' + name + '.lib')","    // prior to io.js@1.0.0 32-bit node.lib lives in /, 64-bit lives in /x64/","    return url.resolve(base, (arch === 'x64' ? 'x64/' : '') + name + '.lib')","  }","","  // else we have a proper url to a .lib, just make sure it's the right arch","  return defaultUrl.replace(versionMajor === 3 ? bitsreV3 : bitsre, '/win-' + arch + '/')","}","","module.exports = processRelease",""],"l":{"1":2,"15":1,"16":0,"29":0,"31":0,"34":0,"37":0,"40":0,"41":0,"43":0,"45":0,"46":0,"50":0,"51":0,"55":0,"56":0,"57":0,"58":0,"59":0,"60":0,"61":0,"66":0,"67":0,"68":0,"69":0,"70":0,"78":0,"79":0,"81":0,"82":0,"85":0,"86":0,"87":0,"88":0,"90":0,"109":0,"110":0,"111":0,"115":0,"116":0,"118":0,"133":1,"134":0,"137":1,"138":0,"141":0,"143":0,"144":0,"146":0,"150":0,"153":0}},"/home/travis/build/npmtest/node-npmtest-nw-gyp/node_modules/nw-gyp/lib/rebuild.js":{"path":"/home/travis/build/npmtest/node-npmtest-nw-gyp/node_modules/nw-gyp/lib/rebuild.js","s":{"1":1,"2":1,"3":1,"4":0,"5":0},"b":{},"f":{"1":0},"fnMap":{"1":{"name":"rebuild","line":6,"loc":{"start":{"line":6,"column":0},"end":{"line":6,"column":39}}}},"statementMap":{"1":{"start":{"line":2,"column":0},"end":{"line":2,"column":34}},"2":{"start":{"line":4,"column":0},"end":{"line":4,"column":67}},"3":{"start":{"line":6,"column":0},"end":{"line":14,"column":1}},"4":{"start":{"line":8,"column":2},"end":{"line":12,"column":3}},"5":{"start":{"line":13,"column":2},"end":{"line":13,"column":28}}},"branchMap":{},"code":["","module.exports = exports = rebuild","","exports.usage = 'Runs \"clean\", \"configure\" and \"build\" all at once'","","function rebuild (gyp, argv, callback) {","","  gyp.todo.push(","      { name: 'clean', args: [] }","    , { name: 'configure', args: argv }","    , { name: 'build', args: [] }","  )","  process.nextTick(callback)","}",""],"l":{"2":1,"4":1,"6":1,"8":0,"13":0}},"/home/travis/build/npmtest/node-npmtest-nw-gyp/node_modules/nw-gyp/lib/remove.js":{"path":"/home/travis/build/npmtest/node-npmtest-nw-gyp/node_modules/nw-gyp/lib/remove.js","s":{"1":2,"2":2,"3":2,"4":1,"5":0,"6":0,"7":0,"8":0,"9":0,"10":0,"11":0,"12":0,"13":0,"14":0,"15":0,"16":0,"17":0,"18":0,"19":0,"20":0,"21":0,"22":0},"b":{"1":[0,0],"2":[0,0],"3":[0,0],"4":[0,0],"5":[0,0]},"f":{"1":0,"2":0},"fnMap":{"1":{"name":"remove","line":16,"loc":{"start":{"line":16,"column":0},"end":{"line":16,"column":38}}},"2":{"name":"(anonymous_2)","line":39,"loc":{"start":{"line":39,"column":23},"end":{"line":39,"column":44}}}},"statementMap":{"1":{"start":{"line":2,"column":0},"end":{"line":2,"column":33}},"2":{"start":{"line":4,"column":0},"end":{"line":4,"column":78}},"3":{"start":{"line":10,"column":0},"end":{"line":14,"column":30}},"4":{"start":{"line":16,"column":0},"end":{"line":52,"column":1}},"5":{"start":{"line":18,"column":2},"end":{"line":18,"column":25}},"6":{"start":{"line":19,"column":2},"end":{"line":19,"column":52}},"7":{"start":{"line":22,"column":2},"end":{"line":22,"column":42}},"8":{"start":{"line":23,"column":2},"end":{"line":23,"column":60}},"9":{"start":{"line":25,"column":2},"end":{"line":27,"column":3}},"10":{"start":{"line":26,"column":4},"end":{"line":26,"column":108}},"11":{"start":{"line":29,"column":2},"end":{"line":29,"column":43}},"12":{"start":{"line":30,"column":2},"end":{"line":33,"column":3}},"13":{"start":{"line":32,"column":4},"end":{"line":32,"column":35}},"14":{"start":{"line":35,"column":2},"end":{"line":35,"column":53}},"15":{"start":{"line":36,"column":2},"end":{"line":36,"column":75}},"16":{"start":{"line":39,"column":2},"end":{"line":50,"column":4}},"17":{"start":{"line":40,"column":4},"end":{"line":47,"column":5}},"18":{"start":{"line":41,"column":6},"end":{"line":45,"column":7}},"19":{"start":{"line":42,"column":8},"end":{"line":42,"column":69}},"20":{"start":{"line":44,"column":8},"end":{"line":44,"column":21}},"21":{"start":{"line":46,"column":6},"end":{"line":46,"column":12}},"22":{"start":{"line":49,"column":4},"end":{"line":49,"column":29}}},"branchMap":{"1":{"line":22,"type":"binary-expr","locations":[{"start":{"line":22,"column":16},"end":{"line":22,"column":23}},{"start":{"line":22,"column":27},"end":{"line":22,"column":42}}]},"2":{"line":25,"type":"if","locations":[{"start":{"line":25,"column":2},"end":{"line":25,"column":2}},{"start":{"line":25,"column":2},"end":{"line":25,"column":2}}]},"3":{"line":30,"type":"if","locations":[{"start":{"line":30,"column":2},"end":{"line":30,"column":2}},{"start":{"line":30,"column":2},"end":{"line":30,"column":2}}]},"4":{"line":40,"type":"if","locations":[{"start":{"line":40,"column":4},"end":{"line":40,"column":4}},{"start":{"line":40,"column":4},"end":{"line":40,"column":4}}]},"5":{"line":41,"type":"if","locations":[{"start":{"line":41,"column":6},"end":{"line":41,"column":6}},{"start":{"line":41,"column":6},"end":{"line":41,"column":6}}]}},"code":["","module.exports = exports = remove","","exports.usage = 'Removes the node development files for the specified version'","","/**"," * Module dependencies."," */","","var fs = require('fs')","  , rm = require('rimraf')","  , path = require('path')","  , log = require('npmlog')","  , semver = require('semver')","","function remove (gyp, argv, callback) {","","  var devDir = gyp.devDir","  log.verbose('remove', 'using nw-gyp dir:', devDir)","","  // get the user-specified version to remove","  var version = argv[0] || gyp.opts.target","  log.verbose('remove', 'removing target version:', version)","","  if (!version) {","    return callback(new Error('You must specify a version number to remove. Ex: \"' + process.version + '\"'))","  }","","  var versionSemver = semver.parse(version)","  if (versionSemver) {","    // flatten the version Array into a String","    version = versionSemver.version","  }","","  var versionPath = path.resolve(gyp.devDir, version)","  log.verbose('remove', 'removing development files for version:', version)","","  // first check if its even installed","  fs.stat(versionPath, function (err, stat) {","    if (err) {","      if (err.code == 'ENOENT') {","        callback(null, 'version was already uninstalled: ' + version)","      } else {","        callback(err)","      }","      return","    }","    // Go ahead and delete the dir","    rm(versionPath, callback)","  })","","}",""],"l":{"2":2,"4":2,"10":2,"16":1,"18":0,"19":0,"22":0,"23":0,"25":0,"26":0,"29":0,"30":0,"32":0,"35":0,"36":0,"39":0,"40":0,"41":0,"42":0,"44":0,"46":0,"49":0}}}